SF:lib/movies/models/metadata_dto.dart
DA:1,30
DA:10,38
LF:2
LH:2
end_of_record
SF:lib/movies/models/movie_result_dto.dart
DA:33,37
DA:43,33
DA:52,33
DA:86,1
DA:87,1
DA:89,0
DA:91,0
DA:92,0
DA:96,1
DA:97,1
DA:98,1
DA:99,1
DA:100,1
DA:101,1
DA:102,1
DA:105,0
DA:108,1
DA:109,2
DA:110,1
DA:111,2
DA:115,1
DA:116,1
DA:118,0
DA:121,0
DA:122,0
DA:126,1
DA:127,1
DA:128,2
DA:129,2
DA:130,2
DA:131,2
DA:132,2
DA:135,0
DA:138,1
DA:139,2
DA:140,1
DA:141,2
DA:147,2
DA:148,2
DA:149,4
DA:150,4
DA:151,6
DA:158,2
DA:159,2
DA:160,4
DA:161,6
DA:170,5
DA:171,5
DA:172,15
DA:173,15
DA:174,15
DA:175,15
DA:177,15
DA:178,15
DA:179,15
DA:180,15
DA:181,15
DA:182,20
DA:183,15
DA:185,10
DA:186,5
DA:189,0
DA:190,10
DA:191,5
DA:194,2
DA:195,10
DA:196,5
DA:199,4
DA:200,10
DA:201,5
DA:204,3
DA:206,15
DA:207,15
DA:208,15
DA:215,3
DA:216,6
DA:217,2
DA:218,4
DA:219,6
DA:225,5
DA:226,5
DA:227,5
DA:228,15
DA:229,15
DA:231,15
DA:232,8
DA:234,15
DA:235,4
DA:237,25
DA:238,15
DA:239,4
DA:242,15
DA:243,15
DA:245,15
DA:246,6
DA:248,15
DA:249,6
DA:251,15
DA:252,8
DA:254,15
DA:255,6
DA:259,12
DA:260,12
DA:262,12
DA:263,12
DA:265,12
DA:266,12
DA:268,12
DA:269,8
DA:271,12
DA:272,6
DA:274,12
DA:275,6
DA:277,12
DA:278,6
DA:280,12
DA:281,4
DA:285,5
DA:286,10
DA:287,1
DA:288,3
DA:290,10
DA:296,2
DA:297,4
DA:298,6
DA:300,8
DA:301,8
DA:303,5
DA:309,1
DA:311,3
DA:312,2
DA:313,0
DA:314,4
DA:315,4
DA:316,4
DA:318,0
DA:321,4
DA:322,4
DA:323,4
DA:324,4
DA:325,4
DA:326,4
DA:327,4
DA:328,4
DA:329,4
DA:330,4
DA:331,4
DA:332,4
DA:333,4
DA:334,2
DA:335,1
DA:336,1
DA:337,1
DA:338,1
DA:340,4
DA:341,3
DA:347,1
DA:351,1
DA:352,0
DA:354,0
DA:356,0
DA:362,0
DA:366,0
DA:367,0
DA:368,0
DA:370,0
DA:378,1
DA:379,3
DA:380,3
DA:381,3
DA:382,3
DA:383,3
DA:384,3
DA:385,2
DA:386,2
DA:387,2
DA:388,3
DA:391,5
DA:392,3
DA:393,2
DA:401,1
DA:403,1
DA:404,1
DA:406,1
DA:412,1
DA:418,1
DA:424,1
DA:425,3
DA:431,1
DA:432,3
DA:438,1
DA:439,1
DA:445,1
DA:446,3
DA:452,1
DA:453,2
DA:459,0
DA:460,0
DA:461,0
DA:462,0
DA:463,0
DA:464,0
DA:465,0
DA:467,0
DA:468,0
DA:469,0
DA:470,0
DA:471,0
DA:472,0
DA:473,0
DA:474,0
DA:475,0
DA:476,0
DA:477,0
DA:478,0
DA:479,0
DA:480,0
DA:487,6
DA:488,30
DA:490,18
DA:491,18
DA:492,18
DA:493,18
DA:494,18
DA:495,18
DA:496,18
DA:497,18
DA:498,18
DA:499,18
DA:500,18
DA:501,18
DA:502,18
DA:503,30
DA:504,30
DA:505,30
DA:506,18
DA:515,0
DA:516,0
DA:518,0
DA:519,0
DA:522,0
DA:527,1
DA:528,1
DA:529,2
DA:530,3
DA:532,1
DA:539,0
DA:540,0
DA:541,0
DA:542,0
DA:543,0
DA:544,0
DA:545,0
DA:546,0
DA:557,0
DA:558,0
DA:560,0
DA:561,0
DA:564,0
DA:570,0
DA:571,0
DA:573,0
DA:574,0
DA:577,0
DA:578,0
DA:579,0
DA:581,0
DA:589,0
DA:590,0
DA:592,0
DA:593,0
DA:594,0
DA:598,0
DA:603,0
DA:604,0
DA:606,0
DA:607,0
DA:608,0
DA:612,0
DA:619,0
DA:621,0
DA:622,0
DA:623,0
DA:624,0
DA:626,0
DA:627,0
DA:630,0
DA:631,0
DA:634,0
DA:635,0
DA:638,0
DA:639,0
DA:642,0
DA:643,0
DA:646,0
DA:647,0
DA:650,0
DA:656,1
DA:657,2
DA:658,2
DA:659,2
DA:666,1
DA:667,4
DA:670,2
DA:671,2
DA:672,2
DA:673,2
DA:680,0
DA:681,0
DA:690,0
DA:692,0
DA:700,1
DA:701,2
DA:702,2
DA:709,1
DA:710,1
DA:711,1
DA:712,1
DA:717,0
DA:718,0
DA:719,0
DA:724,1
DA:725,3
DA:730,1
DA:731,2
DA:737,2
DA:740,4
DA:742,2
DA:743,4
LF:329
LH:226
end_of_record
SF:lib/movies/models/search_criteria_dto.dart
DA:10,30
DA:14,0
DA:15,0
DA:20,30
DA:22,31
DA:45,1
DA:46,1
DA:48,0
DA:51,0
DA:52,0
DA:53,0
DA:54,0
DA:55,0
DA:58,1
DA:59,1
DA:60,1
DA:61,1
DA:62,1
DA:63,1
DA:64,1
DA:67,0
DA:70,0
DA:71,0
DA:72,0
DA:73,0
DA:74,0
DA:76,0
DA:77,0
DA:80,0
DA:82,0
DA:83,0
DA:88,1
DA:89,2
DA:90,3
DA:96,1
DA:97,1
DA:98,1
DA:99,1
DA:100,2
DA:101,2
DA:105,1
DA:106,1
DA:107,1
DA:108,1
DA:115,1
DA:116,1
DA:117,3
DA:118,3
DA:120,2
DA:121,1
DA:124,0
DA:126,2
DA:127,1
LF:53
LH:33
end_of_record
SF:lib/movies/web_data_providers/common/imdb_helpers.dart
DA:21,0
DA:28,0
DA:29,0
DA:30,0
DA:31,0
DA:33,0
DA:34,0
DA:36,0
DA:38,0
DA:41,0
DA:43,0
DA:44,0
DA:54,19
DA:55,19
DA:76,19
DA:77,19
DA:82,4
DA:87,4
DA:88,4
DA:89,4
DA:90,12
DA:91,12
DA:93,12
DA:94,12
DA:95,12
DA:96,12
DA:97,12
DA:98,8
DA:101,12
DA:102,12
DA:103,12
DA:111,0
DA:117,0
DA:118,0
DA:119,0
DA:120,0
DA:129,4
DA:134,3
DA:135,4
DA:137,0
DA:142,2
DA:145,0
DA:146,0
DA:147,0
DA:149,0
DA:151,0
DA:153,0
DA:154,0
DA:155,0
DA:157,0
DA:158,0
DA:161,0
DA:163,0
DA:164,0
DA:166,0
DA:167,0
DA:168,0
DA:169,0
DA:171,0
DA:173,0
DA:175,0
DA:176,0
DA:177,0
DA:178,0
DA:179,0
DA:180,0
DA:181,0
DA:182,0
DA:183,0
DA:185,0
DA:187,0
DA:188,0
DA:189,0
DA:190,0
DA:191,0
DA:192,0
DA:194,0
DA:196,0
DA:197,0
DA:208,0
DA:209,0
DA:223,0
DA:225,0
DA:227,0
DA:233,19
DA:234,38
DA:236,19
DA:237,19
LF:88
LH:27
end_of_record
SF:lib/utilities/extensions/collection_extensions.dart
DA:16,20
DA:17,20
DA:18,20
DA:19,20
DA:20,20
DA:34,22
DA:36,21
DA:37,21
DA:39,21
DA:40,42
DA:41,42
DA:43,18
DA:44,34
DA:46,36
DA:50,21
DA:51,21
DA:52,21
DA:53,21
LF:18
LH:18
end_of_record
SF:lib/utilities/extensions/dom_extentions.dart
DA:4,27
DA:14,27
DA:30,0
DA:31,0
DA:39,0
DA:40,0
DA:52,17
DA:53,34
DA:60,18
DA:61,54
LF:10
LH:6
end_of_record
SF:lib/utilities/extensions/duration_extensions.dart
DA:5,17
DA:6,51
DA:7,51
DA:8,51
DA:9,51
DA:16,19
DA:17,18
DA:19,19
DA:30,19
DA:31,2
DA:35,18
DA:36,18
DA:37,18
DA:38,18
DA:39,18
DA:41,18
DA:42,36
DA:50,18
DA:51,54
DA:56,18
DA:57,54
DA:58,18
LF:22
LH:22
end_of_record
SF:lib/utilities/extensions/dynamic_extensions.dart
DA:21,44
DA:22,22
DA:23,22
DA:45,44
DA:46,22
DA:47,42
DA:48,20
DA:49,20
DA:68,44
DA:69,22
DA:70,22
DA:71,42
DA:73,34
DA:92,44
DA:93,22
DA:94,22
DA:95,42
DA:97,34
LF:18
LH:18
end_of_record
SF:lib/utilities/extensions/enum.dart
DA:6,22
DA:8,22
DA:10,66
DA:11,15
DA:13,17
LF:5
LH:5
end_of_record
SF:lib/utilities/extensions/num_extensions.dart
DA:11,19
DA:18,36
DA:19,18
DA:21,19
DA:36,19
DA:41,19
DA:43,19
DA:44,2
DA:47,19
DA:58,20
DA:60,36
DA:62,51
DA:63,36
DA:65,68
DA:66,36
DA:68,68
DA:69,36
DA:70,19
LF:18
LH:18
end_of_record
SF:lib/utilities/extensions/stream_extensions.dart
DA:7,17
DA:9,34
DA:10,34
DA:11,17
DA:13,34
DA:15,0
DA:16,0
DA:26,17
DA:28,17
DA:29,17
DA:30,17
DA:34,0
DA:35,0
DA:36,0
DA:38,0
LF:15
LH:9
end_of_record
SF:lib/utilities/thread.dart
DA:39,51
DA:41,17
DA:42,51
DA:43,17
DA:47,17
DA:48,68
DA:50,17
DA:52,34
DA:77,17
DA:78,17
DA:79,17
DA:80,51
DA:82,68
DA:84,17
DA:88,17
DA:89,17
DA:92,51
DA:93,17
DA:96,51
DA:97,17
DA:98,51
DA:102,17
DA:103,17
DA:105,17
DA:106,17
DA:109,34
DA:112,34
DA:114,17
DA:116,17
DA:117,17
DA:118,17
DA:120,34
DA:121,17
LF:33
LH:33
end_of_record
SF:lib/utilities/web_data/online_offline_search.dart
DA:5,60
DA:16,17
DA:20,51
DA:22,51
DA:29,21
LF:5
LH:5
end_of_record
SF:lib/movies/web_data_providers/search/converters/imdb_suggestion.dart
DA:26,1
DA:28,1
DA:30,1
DA:31,2
DA:32,2
DA:37,2
DA:38,2
DA:39,2
DA:40,6
DA:41,6
DA:42,6
DA:43,6
DA:44,8
DA:45,4
DA:46,2
DA:47,4
DA:48,2
DA:50,0
DA:52,8
DA:56,2
DA:57,4
DA:58,0
LF:22
LH:20
end_of_record
SF:lib/utilities/web_data/jsonp_transformer.dart
DA:6,4
DA:11,1
DA:13,4
DA:21,4
DA:22,4
DA:23,16
DA:24,4
DA:25,8
DA:46,4
DA:49,4
DA:52,8
DA:55,4
DA:57,12
DA:63,4
DA:64,8
DA:69,4
DA:70,4
DA:71,4
DA:72,16
DA:79,12
DA:81,8
DA:83,8
DA:84,11
DA:85,11
DA:90,8
DA:91,12
DA:97,4
DA:98,8
DA:99,4
DA:100,4
DA:101,4
DA:102,4
DA:103,4
DA:104,4
DA:107,12
DA:108,4
DA:109,4
DA:110,4
DA:111,4
DA:112,4
DA:113,4
DA:115,4
DA:116,4
DA:118,6
DA:122,8
DA:123,10
DA:124,11
DA:125,11
DA:126,11
DA:127,11
DA:129,2
DA:132,16
DA:133,8
DA:139,1
DA:141,2
DA:147,4
DA:149,4
LF:57
LH:57
end_of_record
SF:lib/movies/web_data_providers/detail/imdb_title.dart
DA:23,2
DA:25,2
DA:30,2
DA:36,2
DA:39,2
DA:43,1
DA:45,1
DA:46,1
DA:51,2
DA:52,4
DA:53,0
DA:57,1
DA:59,2
DA:60,2
DA:61,1
DA:62,1
LF:16
LH:15
end_of_record
SF:lib/movies/web_data_providers/detail/webscrapers/imdb_title.dart
DA:22,3
DA:26,2
DA:29,2
DA:30,2
DA:31,2
DA:32,0
DA:34,2
DA:38,2
DA:40,4
DA:42,2
DA:43,6
DA:44,6
DA:45,2
DA:47,0
DA:48,0
DA:51,2
DA:52,2
DA:53,2
DA:55,2
DA:56,2
DA:58,2
DA:59,2
DA:61,4
DA:67,2
DA:69,2
DA:70,4
DA:71,0
DA:74,2
DA:78,0
DA:79,0
DA:80,0
DA:81,0
DA:82,0
DA:87,2
DA:89,2
DA:90,2
DA:91,1
DA:92,2
DA:97,0
DA:99,0
DA:100,0
DA:101,0
DA:102,0
DA:107,2
DA:109,2
DA:110,1
DA:111,1
DA:112,2
DA:113,1
DA:115,1
DA:123,2
DA:124,2
DA:126,2
DA:128,1
DA:129,0
DA:130,0
DA:132,1
DA:133,1
DA:135,1
DA:139,0
DA:141,0
DA:142,0
DA:144,0
DA:146,0
DA:148,0
DA:149,0
DA:150,0
DA:152,0
DA:156,0
DA:160,0
DA:162,0
DA:166,0
DA:175,2
DA:176,2
DA:177,4
DA:178,2
DA:179,0
DA:180,0
DA:181,0
DA:187,2
DA:189,3
DA:190,1
DA:194,1
DA:195,1
DA:198,1
DA:200,2
DA:201,2
DA:202,1
DA:206,1
DA:207,1
DA:208,1
DA:210,1
DA:211,0
DA:213,2
DA:219,2
DA:220,4
DA:221,2
DA:222,0
DA:225,3
DA:226,1
DA:230,1
DA:231,1
DA:234,3
DA:235,2
DA:237,1
DA:238,2
DA:239,1
DA:240,2
DA:241,1
DA:242,2
DA:243,1
DA:244,2
DA:245,2
DA:248,0
DA:249,0
DA:250,0
DA:251,0
DA:252,0
DA:253,0
DA:254,0
DA:255,0
DA:256,0
DA:257,0
DA:258,0
DA:259,0
DA:260,0
DA:261,0
DA:262,0
DA:263,0
DA:264,0
DA:265,0
DA:266,0
DA:267,0
DA:268,0
DA:269,0
DA:271,0
DA:272,0
DA:273,0
DA:274,0
DA:275,0
DA:276,0
DA:277,0
DA:278,0
DA:279,0
DA:282,2
DA:283,2
DA:284,3
DA:285,1
DA:286,2
DA:291,2
DA:292,2
DA:293,2
DA:294,1
DA:295,2
DA:296,4
DA:298,1
DA:300,3
DA:301,1
DA:302,1
LF:159
LH:94
end_of_record
SF:lib/movies/web_data_providers/detail/cache/imdb_title.dart
DA:11,6
DA:15,2
DA:16,6
DA:21,0
DA:28,2
DA:33,6
DA:34,6
DA:36,2
DA:41,0
DA:44,0
DA:49,1
DA:50,2
DA:54,0
DA:57,0
DA:60,2
DA:64,12
DA:65,2
DA:66,2
DA:68,0
DA:71,0
DA:74,2
DA:79,2
DA:80,4
DA:81,4
DA:83,2
DA:85,6
LF:26
LH:19
end_of_record
SF:lib/persistence/tiered_cache.dart
DA:11,3
DA:12,9
DA:13,6
DA:19,1
DA:20,2
DA:26,3
DA:27,6
DA:34,0
DA:35,0
DA:41,2
DA:42,4
DA:43,2
DA:46,0
DA:47,0
LF:14
LH:10
end_of_record
SF:lib/utilities/web_data/src/web_fetch_base.dart
DA:51,1
DA:52,1
DA:54,4
DA:55,10
DA:56,3
DA:57,9
DA:63,1
DA:69,0
DA:70,0
DA:71,0
DA:73,0
DA:76,2
DA:78,1
DA:81,2
DA:83,0
DA:91,3
DA:96,6
DA:97,3
DA:100,3
DA:108,1
DA:113,2
DA:114,2
DA:115,1
DA:118,1
DA:120,1
DA:144,2
DA:147,2
DA:150,2
DA:151,2
DA:154,2
DA:155,6
DA:159,1
DA:169,4
DA:171,4
DA:174,1
DA:176,1
DA:177,1
DA:179,1
DA:183,8
DA:184,8
DA:185,1
DA:187,4
DA:188,4
DA:197,1
DA:231,1
DA:232,1
DA:239,2
DA:244,2
DA:251,1
DA:258,2
DA:266,0
DA:271,0
DA:277,4
DA:281,4
DA:282,4
DA:283,8
DA:285,0
DA:286,0
DA:289,0
DA:297,4
DA:299,4
DA:301,1
DA:302,1
DA:303,1
DA:305,1
DA:309,4
DA:310,8
DA:311,4
DA:314,4
DA:315,8
DA:316,4
DA:317,4
DA:318,8
DA:326,4
DA:330,4
DA:332,4
DA:333,8
DA:335,3
DA:337,3
DA:338,3
DA:339,3
DA:340,3
DA:346,4
DA:347,2
DA:349,4
DA:350,2
DA:354,4
DA:356,6
DA:357,4
DA:358,4
DA:359,4
DA:363,8
DA:364,4
DA:365,4
DA:366,4
DA:367,12
DA:369,8
DA:383,4
DA:388,4
DA:390,3
DA:392,3
DA:393,3
DA:394,3
DA:395,3
DA:398,4
DA:399,8
DA:400,4
DA:403,12
DA:404,8
DA:405,8
DA:406,4
DA:408,4
DA:411,4
DA:412,12
DA:416,8
DA:417,4
DA:419,8
DA:423,8
DA:430,4
DA:434,4
DA:436,8
DA:437,2
DA:439,1
DA:441,2
DA:444,8
DA:445,2
DA:446,8
DA:447,4
DA:448,4
DA:451,8
DA:453,4
DA:454,8
DA:455,1
DA:456,4
DA:459,8
DA:468,2
DA:473,2
DA:474,2
DA:476,2
DA:477,6
DA:478,4
DA:479,2
DA:481,2
DA:483,1
DA:487,1
DA:490,4
DA:491,2
DA:492,2
DA:493,4
DA:496,2
DA:498,4
DA:506,3
DA:507,6
DA:508,3
DA:509,3
DA:510,3
DA:518,4
DA:519,8
DA:520,4
DA:526,0
DA:527,0
LF:161
LH:149
end_of_record
SF:lib/movies/web_data_providers/detail/converters/imdb_title.dart
DA:37,2
DA:38,4
DA:41,2
DA:42,2
DA:43,2
DA:44,7
DA:45,6
DA:46,2
DA:47,4
DA:48,7
DA:49,7
DA:50,2
DA:51,2
DA:52,2
DA:54,6
DA:55,6
DA:56,6
DA:57,4
DA:58,2
DA:60,2
DA:62,4
DA:63,3
DA:64,2
DA:66,4
DA:67,3
DA:68,2
DA:71,5
DA:73,1
DA:75,6
DA:78,5
DA:80,2
DA:82,4
DA:83,2
DA:84,4
DA:85,2
DA:87,2
DA:89,5
DA:90,1
DA:92,5
DA:93,1
DA:95,4
DA:96,4
DA:102,2
DA:104,2
DA:105,0
DA:106,0
DA:107,2
DA:108,3
DA:109,1
DA:110,1
DA:111,1
DA:117,2
DA:118,2
DA:123,1
DA:125,0
DA:126,0
DA:130,2
DA:131,1
DA:132,1
DA:134,1
DA:142,1
DA:143,3
DA:144,3
DA:147,1
DA:148,1
DA:149,1
DA:150,3
LF:67
LH:63
end_of_record
SF:lib/movies/web_data_providers/detail/offline/imdb_title.dart
DA:3423,0
DA:3424,0
DA:3427,0
DA:3428,0
LF:4
LH:0
end_of_record
SF:lib/utilities/web_data/web_redirect.dart
DA:13,0
DA:18,2
DA:28,2
DA:30,2
DA:31,0
DA:32,0
DA:34,2
LF:7
LH:4
end_of_record
SF:lib/utilities/web_data/src/web_fetch_limiter.dart
DA:11,0
DA:13,15
DA:14,10
DA:16,7
DA:18,5
DA:19,10
DA:20,15
DA:21,6
DA:22,4
DA:23,2
DA:26,4
DA:27,4
LF:12
LH:11
end_of_record
SF:lib/utilities/web_data/src/web_fetch_threaded_cache.dart
DA:17,0
DA:24,0
DA:30,0
DA:33,0
DA:34,0
DA:36,0
DA:38,0
DA:40,0
DA:42,0
DA:43,0
DA:49,0
DA:50,0
DA:65,0
DA:66,0
DA:67,0
DA:68,0
DA:69,0
DA:70,0
DA:75,0
DA:76,0
DA:80,0
DA:86,0
DA:88,0
DA:92,0
DA:93,0
DA:94,0
DA:95,0
DA:99,0
DA:100,0
LF:29
LH:0
end_of_record
SF:lib/movies/web_data_providers/search/imdb_suggestions.dart
DA:25,1
DA:26,2
DA:27,1
DA:31,1
DA:32,1
DA:36,1
DA:40,1
DA:43,1
DA:48,1
DA:49,2
DA:50,2
DA:54,1
DA:56,1
DA:57,2
DA:58,1
DA:59,1
DA:64,1
DA:66,2
DA:67,1
DA:68,1
LF:20
LH:20
end_of_record
SF:lib/movies/web_data_providers/search/cache/imdb_suggestion.dart
DA:11,0
DA:12,0
DA:13,0
DA:20,0
DA:26,0
DA:29,0
DA:30,0
DA:31,0
DA:32,0
DA:34,0
DA:37,0
DA:39,0
DA:41,0
DA:43,0
DA:45,0
DA:46,0
DA:47,0
DA:50,0
DA:52,0
DA:58,0
DA:60,0
DA:61,0
DA:66,0
DA:67,0
DA:68,0
DA:69,0
DA:70,0
DA:75,0
DA:76,0
DA:77,0
DA:81,0
DA:87,0
DA:88,0
DA:89,0
DA:91,0
DA:94,0
DA:98,0
DA:102,0
DA:103,0
DA:104,0
DA:108,0
DA:110,0
DA:111,0
DA:112,0
DA:116,0
DA:117,0
DA:119,0
LF:47
LH:0
end_of_record
SF:lib/movies/web_data_providers/search/offline/imdb_suggestions.dart
DA:51,0
DA:52,0
DA:55,0
DA:56,0
DA:59,0
DA:60,0
LF:6
LH:0
end_of_record
SF:lib/movies/web_data_providers/detail/converters/imdb_name.dart
DA:24,1
DA:25,2
DA:26,1
DA:28,2
DA:31,1
DA:32,1
DA:33,1
DA:34,3
DA:35,3
DA:36,1
DA:37,2
DA:38,3
DA:39,3
DA:41,4
DA:43,2
DA:44,3
DA:45,1
DA:47,1
DA:48,1
DA:52,1
DA:54,1
DA:55,1
DA:56,1
DA:57,2
DA:58,1
DA:59,1
DA:65,1
DA:66,2
DA:67,1
DA:69,1
DA:70,2
DA:75,1
DA:76,1
DA:77,1
DA:78,1
DA:79,2
DA:80,1
DA:81,1
DA:87,1
DA:88,1
DA:90,1
DA:94,1
DA:95,3
DA:96,1
DA:99,1
DA:100,1
DA:101,1
DA:102,3
LF:48
LH:48
end_of_record
SF:lib/movies/web_data_providers/detail/imdb_name.dart
DA:23,0
DA:30,0
DA:36,0
DA:39,0
DA:43,0
DA:45,0
DA:46,0
DA:51,1
DA:52,2
DA:53,0
DA:57,0
DA:59,0
DA:60,0
DA:61,0
DA:62,0
LF:15
LH:2
end_of_record
SF:lib/movies/web_data_providers/detail/webscrapers/imdb_name.dart
DA:16,0
DA:19,0
DA:20,0
DA:21,0
DA:22,0
DA:24,0
DA:28,0
DA:30,0
DA:31,0
DA:32,0
DA:33,0
DA:35,0
DA:41,0
DA:43,0
DA:44,0
DA:45,0
DA:48,0
DA:52,0
DA:53,0
DA:54,0
DA:56,0
DA:57,0
DA:59,0
DA:60,0
DA:63,0
DA:64,0
DA:69,0
DA:71,0
DA:72,0
DA:73,0
DA:74,0
DA:76,0
DA:84,0
DA:85,0
DA:86,0
DA:89,0
DA:90,0
DA:91,0
DA:93,0
DA:94,0
DA:98,0
DA:101,0
DA:102,0
DA:103,0
DA:104,0
DA:106,0
DA:107,0
DA:108,0
DA:109,0
DA:110,0
DA:111,0
LF:51
LH:0
end_of_record
SF:lib/movies/web_data_providers/detail/cache/imdb_name.dart
DA:11,0
DA:12,0
DA:13,0
DA:20,0
DA:26,0
DA:29,0
DA:30,0
DA:31,0
DA:32,0
DA:34,0
DA:37,0
DA:39,0
DA:41,0
DA:43,0
DA:45,0
DA:46,0
DA:47,0
DA:50,0
DA:52,0
DA:58,0
DA:60,0
DA:61,0
DA:66,0
DA:67,0
DA:68,0
DA:69,0
DA:70,0
DA:75,0
DA:76,0
DA:77,0
DA:81,0
DA:87,0
DA:88,0
DA:89,0
DA:91,0
DA:94,0
DA:95,0
DA:97,0
DA:100,0
DA:104,0
DA:108,0
DA:109,0
DA:110,0
DA:114,0
DA:116,0
DA:117,0
DA:118,0
DA:121,0
DA:122,0
DA:124,0
DA:128,0
DA:129,0
DA:131,0
LF:53
LH:0
end_of_record
SF:lib/movies/web_data_providers/detail/offline/imdb_name.dart
DA:3903,0
DA:3904,0
DA:3907,0
DA:3908,0
LF:4
LH:0
end_of_record
SF:lib/movies/screens/widgets/controls.dart
DA:7,0
DA:8,0
DA:20,1
DA:24,1
DA:25,3
DA:26,2
DA:35,1
DA:37,2
DA:40,1
DA:41,1
DA:43,1
DA:44,2
DA:45,0
DA:47,1
DA:48,1
DA:53,0
DA:54,0
DA:55,0
DA:56,0
DA:72,1
DA:81,1
DA:82,1
DA:101,0
DA:102,0
DA:103,0
DA:111,0
DA:112,0
DA:113,0
DA:114,0
DA:115,0
DA:116,0
DA:118,0
DA:121,0
DA:122,0
LF:34
LH:15
end_of_record
SF:lib/movies/screens/styles.dart
DA:8,0
LF:1
LH:0
end_of_record
