SF:lib/movies/models/movie_result_dto.dart
DA:51,9
DA:53,9
DA:121,1
DA:122,0
DA:128,1
DA:129,1
DA:131,0
DA:133,0
DA:134,0
DA:138,0
DA:139,0
DA:140,0
DA:141,0
DA:144,1
DA:145,3
DA:146,3
DA:149,0
DA:150,0
DA:151,0
DA:152,0
DA:153,0
DA:154,0
DA:155,0
DA:157,0
DA:159,0
DA:166,0
DA:167,0
DA:168,0
DA:169,0
DA:170,0
DA:171,0
DA:172,0
DA:175,0
DA:178,1
DA:181,1
DA:182,1
DA:184,1
DA:185,1
DA:186,1
DA:188,1
DA:189,2
DA:190,1
DA:191,1
DA:194,1
DA:195,4
DA:199,0
DA:202,1
DA:204,2
DA:205,1
DA:206,1
DA:207,1
DA:208,2
DA:210,1
DA:211,1
DA:217,1
DA:218,1
DA:220,0
DA:223,0
DA:224,0
DA:228,3
DA:232,3
DA:233,3
DA:234,3
DA:235,3
DA:238,0
DA:241,1
DA:243,2
DA:244,1
DA:245,3
DA:248,2
DA:249,2
DA:250,8
DA:258,60
DA:261,60
DA:262,119
DA:263,59
DA:264,2
DA:266,116
DA:267,58
DA:268,114
DA:270,4
DA:280,1
DA:281,1
DA:282,2
DA:283,3
DA:290,0
DA:291,0
DA:292,0
DA:300,62
DA:303,62
DA:304,186
DA:305,186
DA:306,186
DA:307,186
DA:308,186
DA:309,186
DA:310,186
DA:311,186
DA:312,186
DA:313,186
DA:314,248
DA:315,186
DA:316,186
DA:317,186
DA:318,186
DA:319,186
DA:322,124
DA:323,62
DA:326,5
DA:327,124
DA:328,62
DA:331,12
DA:332,124
DA:333,62
DA:336,60
DA:337,124
DA:338,62
DA:341,55
DA:342,186
DA:343,197
DA:344,32
DA:353,62
DA:354,62
DA:355,62
DA:356,116
DA:357,58
DA:358,174
DA:359,58
DA:360,58
DA:364,58
DA:377,62
DA:378,62
DA:379,62
DA:382,28
DA:383,24
DA:384,20
DA:385,10
DA:388,10
DA:389,10
DA:390,9
DA:391,2
DA:396,10
DA:397,19
DA:398,9
DA:400,9
DA:401,18
DA:404,10
DA:405,9
DA:415,0
DA:416,1
DA:418,2
DA:420,3
DA:424,0
DA:425,0
DA:426,0
DA:427,0
DA:434,0
DA:436,0
DA:444,0
DA:445,0
DA:449,0
DA:450,0
DA:455,1
DA:456,1
DA:457,2
DA:458,0
DA:460,0
DA:467,0
DA:468,0
DA:469,0
DA:470,0
DA:475,2
DA:479,30
DA:483,103
DA:484,3
DA:485,3
DA:488,35
DA:492,35
DA:493,70
DA:494,105
DA:495,35
DA:496,35
DA:501,23
DA:502,23
DA:503,23
DA:504,20
DA:507,20
DA:508,20
DA:509,5
DA:510,5
DA:511,5
DA:512,5
DA:513,5
DA:514,5
DA:515,5
DA:516,4
DA:517,2
DA:518,2
DA:519,2
DA:520,0
DA:525,1
DA:526,1
DA:532,19
DA:536,34
DA:538,19
DA:539,19
DA:541,19
DA:543,38
DA:544,76
DA:546,0
DA:550,2
DA:551,4
DA:554,57
DA:558,58
DA:583,58
DA:584,116
DA:586,58
DA:587,232
DA:588,58
DA:589,58
DA:590,52
DA:592,58
DA:593,58
DA:594,58
DA:595,58
DA:596,116
DA:597,116
DA:598,116
DA:599,116
DA:600,174
DA:601,116
DA:602,116
DA:603,116
DA:605,116
DA:610,116
DA:615,116
DA:619,116
DA:621,116
DA:622,114
DA:623,114
DA:624,57
DA:625,57
DA:626,57
DA:627,57
DA:629,36
DA:630,57
DA:638,3
DA:641,6
DA:642,6
DA:643,0
DA:648,1
DA:649,2
DA:655,63
DA:660,63
DA:661,63
DA:662,126
DA:663,309
DA:665,189
DA:666,177
DA:668,189
DA:669,48
DA:671,189
DA:672,34
DA:675,189
DA:676,177
DA:678,189
DA:679,96
DA:681,189
DA:682,38
DA:684,189
DA:685,60
DA:687,189
DA:688,33
DA:690,189
DA:691,42
DA:694,315
DA:695,44
DA:697,315
DA:698,56
DA:700,315
DA:701,28
DA:703,189
DA:704,54
DA:706,189
DA:707,54
DA:709,189
DA:710,69
DA:712,189
DA:713,33
DA:715,189
DA:716,68
DA:719,126
DA:720,62
DA:721,186
DA:722,248
DA:724,62
DA:727,126
DA:728,11
DA:729,33
DA:732,1
DA:733,3
DA:734,2
DA:735,1
DA:737,2
DA:740,11
DA:741,33
DA:742,22
DA:743,33
DA:745,22
DA:748,11
DA:757,2
DA:758,4
DA:759,4
DA:760,6
DA:762,8
DA:763,8
DA:765,5
DA:772,10
DA:773,30
DA:774,0
DA:775,0
DA:776,0
DA:777,40
DA:779,10
DA:780,20
DA:781,0
DA:783,50
DA:786,30
DA:787,24
DA:788,6
DA:789,18
DA:790,6
DA:792,27
DA:793,4
DA:794,1
DA:797,10
DA:798,40
DA:799,40
DA:800,40
DA:801,40
DA:802,40
DA:803,40
DA:804,40
DA:805,40
DA:806,40
DA:807,30
DA:808,30
DA:809,30
DA:810,30
DA:811,40
DA:812,20
DA:813,10
DA:814,10
DA:815,10
DA:816,10
DA:818,40
DA:819,10
DA:820,20
DA:821,10
DA:822,30
DA:823,20
DA:824,10
DA:826,1
DA:827,10
DA:831,30
DA:838,10
DA:842,14
DA:843,4
DA:844,3
DA:847,8
DA:854,1
DA:858,2
DA:859,3
DA:860,0
DA:862,3
DA:870,57
DA:871,114
DA:872,57
DA:874,20
DA:875,10
DA:877,20
DA:878,10
DA:880,10
DA:881,0
DA:883,30
DA:886,30
DA:889,20
DA:890,10
DA:892,50
DA:895,30
DA:896,20
DA:906,10
DA:907,20
DA:908,20
DA:912,30
DA:917,20
DA:918,4
DA:928,10
DA:934,10
DA:940,57
DA:944,171
DA:950,10
DA:954,30
DA:960,10
DA:964,10
DA:970,0
DA:974,0
DA:980,177
DA:985,0
DA:987,0
DA:988,0
DA:989,0
DA:990,0
DA:991,0
DA:992,0
DA:993,0
DA:994,0
DA:995,0
DA:996,0
DA:997,0
DA:998,0
DA:999,0
DA:1000,0
DA:1001,0
DA:1002,0
DA:1003,0
DA:1004,0
DA:1005,0
DA:1006,0
DA:1007,0
DA:1008,0
DA:1014,61
DA:1019,61
DA:1020,61
DA:1021,59
DA:1022,118
DA:1023,177
DA:1024,177
DA:1025,177
DA:1026,167
DA:1030,177
DA:1031,177
DA:1032,177
DA:1033,177
DA:1034,174
DA:1035,174
DA:1036,174
DA:1037,161
DA:1040,174
DA:1041,171
DA:1042,171
DA:1043,57
DA:1048,18
DA:1049,6
DA:1050,12
DA:1051,6
DA:1053,2
DA:1056,61
DA:1061,61
DA:1062,61
DA:1072,1
DA:1073,2
DA:1074,2
DA:1076,1
DA:1078,1
DA:1079,1
DA:1081,2
DA:1082,2
DA:1083,2
DA:1084,2
DA:1085,2
DA:1086,2
DA:1087,2
DA:1089,1
DA:1091,1
DA:1092,1
DA:1096,1
DA:1098,1
DA:1099,1
DA:1105,57
DA:1112,50
DA:1113,25
DA:1115,57
DA:1116,6
DA:1117,6
DA:1123,25
DA:1129,25
DA:1130,4
DA:1131,2
DA:1141,57
DA:1147,57
DA:1148,8
DA:1149,57
DA:1156,57
DA:1162,171
DA:1163,0
DA:1166,57
DA:1170,57
DA:1174,171
DA:1175,114
DA:1176,114
DA:1177,114
DA:1178,114
DA:1180,57
DA:1182,57
DA:1192,57
DA:1199,285
DA:1201,57
DA:1202,57
DA:1203,57
DA:1205,57
DA:1211,57
DA:1212,114
DA:1214,57
DA:1219,114
DA:1221,171
DA:1222,171
DA:1223,228
DA:1224,171
DA:1226,171
DA:1227,171
DA:1228,171
DA:1229,171
DA:1230,171
DA:1231,171
DA:1232,171
DA:1233,171
DA:1234,171
DA:1235,171
DA:1236,171
DA:1237,171
DA:1238,171
DA:1239,57
DA:1241,114
DA:1242,114
DA:1244,285
DA:1245,57
DA:1247,114
DA:1248,114
DA:1252,68
DA:1253,68
DA:1254,34
DA:1257,57
DA:1258,6
DA:1265,62
DA:1266,85
DA:1267,8
DA:1268,8
DA:1269,16
DA:1270,2
DA:1272,16
DA:1273,12
DA:1274,6
DA:1277,4
DA:1281,3
DA:1284,10
DA:1286,1
DA:1290,5
DA:1295,61
DA:1302,15
DA:1303,15
DA:1304,15
DA:1305,15
DA:1306,15
DA:1307,15
DA:1308,30
DA:1309,30
DA:1310,30
DA:1311,31
DA:1312,4
DA:1313,1
DA:1318,0
DA:1319,0
DA:1321,1
DA:1324,2
DA:1330,59
DA:1331,59
DA:1333,118
DA:1334,177
DA:1337,118
DA:1341,0
DA:1342,0
DA:1344,0
DA:1345,0
DA:1348,0
DA:1354,0
DA:1355,0
DA:1356,0
DA:1357,0
DA:1358,0
DA:1359,0
DA:1361,0
DA:1365,0
DA:1367,0
DA:1371,0
DA:1375,0
DA:1379,0
DA:1383,0
DA:1387,0
DA:1391,0
DA:1395,0
DA:1404,18
DA:1405,18
DA:1406,34
DA:1407,48
DA:1409,18
DA:1412,15
DA:1413,30
DA:1414,15
DA:1422,1
DA:1423,1
DA:1424,1
DA:1425,1
DA:1426,2
DA:1427,2
DA:1428,1
DA:1429,2
DA:1440,6
DA:1441,6
DA:1443,12
DA:1444,24
DA:1447,12
DA:1454,0
DA:1455,0
DA:1457,0
DA:1458,0
DA:1461,0
DA:1462,0
DA:1463,0
DA:1465,0
DA:1474,34
DA:1475,34
DA:1477,40
DA:1478,6
DA:1479,18
DA:1483,34
DA:1489,0
DA:1490,0
DA:1492,0
DA:1493,0
DA:1494,0
DA:1498,0
DA:1505,0
DA:1507,0
DA:1508,0
DA:1510,0
DA:1511,0
DA:1512,0
DA:1513,0
DA:1514,0
DA:1515,0
DA:1516,0
DA:1517,0
DA:1518,0
DA:1519,0
DA:1520,0
DA:1521,0
DA:1522,0
DA:1523,0
DA:1524,0
DA:1525,0
DA:1526,0
DA:1527,0
DA:1528,0
DA:1529,0
DA:1530,0
DA:1535,0
DA:1536,0
DA:1537,0
DA:1538,0
DA:1540,0
DA:1544,0
DA:1545,0
DA:1547,0
DA:1550,0
DA:1554,0
DA:1555,0
DA:1557,0
DA:1560,0
DA:1561,0
DA:1563,0
DA:1572,0
DA:1575,0
DA:1579,0
DA:1581,0
DA:1582,0
DA:1585,0
DA:1586,0
DA:1589,0
DA:1590,0
DA:1593,0
DA:1594,0
DA:1597,0
DA:1598,0
DA:1601,0
DA:1607,1
DA:1608,2
DA:1609,2
DA:1610,2
DA:1616,1
DA:1617,1
DA:1620,1
DA:1622,1
DA:1624,1
DA:1630,1
DA:1632,1
DA:1634,1
DA:1636,1
DA:1638,1
DA:1639,1
DA:1640,1
DA:1643,1
DA:1652,1
DA:1653,2
DA:1654,2
DA:1655,2
DA:1658,2
DA:1659,2
DA:1660,2
DA:1661,2
DA:1668,0
DA:1669,0
DA:1670,0
DA:1672,0
DA:1674,0
DA:1676,0
DA:1677,0
DA:1679,0
DA:1680,0
DA:1682,0
DA:1684,0
DA:1686,0
DA:1687,0
DA:1688,0
DA:1690,0
DA:1692,0
DA:1694,0
DA:1696,0
DA:1705,0
DA:1712,1
DA:1713,2
DA:1714,2
DA:1721,1
DA:1722,1
DA:1723,1
DA:1724,1
DA:1729,0
DA:1730,0
DA:1731,0
DA:1733,0
DA:1738,24
DA:1742,18
DA:1747,14
DA:1750,28
DA:1752,14
DA:1753,28
LF:756
LH:558
end_of_record
SF:lib/movies/models/search_criteria_dto.dart
DA:20,76
DA:24,0
DA:25,0
DA:55,0
DA:57,0
DA:68,1
DA:69,0
DA:74,1
DA:75,1
DA:77,0
DA:80,0
DA:81,0
DA:82,0
DA:83,0
DA:84,0
DA:85,0
DA:88,1
DA:89,1
DA:90,0
DA:91,1
DA:94,1
DA:96,3
DA:98,1
DA:99,1
DA:100,1
DA:101,0
DA:102,0
DA:104,0
DA:106,0
DA:108,1
DA:115,0
DA:116,0
DA:117,0
DA:118,0
DA:119,0
DA:120,0
DA:121,0
DA:124,0
DA:127,1
DA:130,1
DA:131,1
DA:133,1
DA:134,1
DA:135,1
DA:137,1
DA:138,2
DA:139,1
DA:140,1
DA:143,1
DA:146,0
DA:149,1
DA:150,2
DA:151,1
DA:152,1
DA:153,4
DA:154,1
DA:155,1
DA:162,30
DA:163,90
DA:164,28
DA:168,28
DA:169,28
DA:170,40
DA:171,36
DA:173,57
DA:174,25
DA:175,11
DA:179,81
DA:182,5
DA:186,4
DA:187,2
DA:188,2
DA:189,4
DA:190,5
DA:191,4
DA:194,2
DA:195,2
DA:196,2
DA:197,2
DA:200,116
DA:201,58
DA:202,58
DA:207,2
DA:209,1
DA:210,1
DA:217,0
DA:219,0
DA:220,0
DA:224,0
DA:226,0
DA:227,0
DA:228,0
DA:229,0
DA:230,0
DA:231,0
DA:232,0
DA:233,0
DA:234,0
DA:235,0
DA:236,0
DA:237,0
DA:238,0
DA:239,0
DA:240,0
DA:241,0
DA:242,0
DA:246,4
DA:252,4
DA:253,4
DA:254,4
DA:255,4
DA:259,1
DA:262,2
DA:268,2
DA:271,2
DA:272,6
DA:273,6
DA:274,4
DA:275,2
DA:278,4
DA:279,1
DA:280,3
DA:282,4
DA:283,2
DA:286,0
DA:288,0
DA:289,0
LF:127
LH:77
end_of_record
SF:lib/utilities/settings.dart
DA:138,36
DA:140,18
DA:141,54
DA:156,0
DA:157,0
DA:166,12
DA:167,51
DA:173,17
DA:174,34
DA:175,51
DA:176,34
DA:180,17
DA:181,34
DA:183,17
DA:184,0
DA:185,17
DA:188,68
DA:192,17
DA:193,17
DA:194,17
DA:195,34
DA:197,5
DA:201,17
DA:202,51
DA:203,17
DA:208,34
DA:212,34
DA:216,34
DA:220,34
DA:224,34
DA:228,51
DA:229,17
DA:235,34
DA:239,34
DA:246,4
DA:247,12
DA:248,8
DA:250,4
DA:251,8
DA:252,12
DA:253,12
DA:254,8
DA:257,4
DA:260,8
DA:263,4
DA:266,12
DA:267,8
DA:269,12
DA:272,17
DA:273,34
DA:274,34
DA:275,34
DA:276,34
DA:277,34
DA:278,34
DA:279,34
DA:280,34
DA:281,34
DA:284,17
DA:285,17
DA:286,17
DA:287,17
DA:296,18
DA:301,36
DA:303,18
DA:304,18
DA:310,18
DA:311,1
DA:332,4
DA:338,8
DA:341,4
DA:344,16
DA:345,4
DA:348,0
DA:354,5
DA:355,5
DA:357,15
DA:360,4
DA:361,12
DA:362,8
DA:363,4
DA:364,4
DA:367,8
DA:368,8
DA:373,4
DA:374,4
DA:375,4
DA:376,4
DA:392,6
DA:397,12
DA:398,12
DA:401,6
DA:402,6
DA:405,6
DA:407,5
LF:95
LH:91
end_of_record
SF:lib/movies/web_data_providers/common/imdb_helpers.dart
DA:131,1
DA:138,2
DA:139,1
DA:140,1
DA:142,1
DA:143,1
DA:145,2
DA:147,1
DA:150,1
DA:152,1
DA:153,1
DA:163,3
DA:164,3
DA:185,3
DA:186,3
DA:192,13
DA:196,33
DA:197,33
DA:198,33
DA:199,33
DA:200,33
DA:202,33
DA:204,33
DA:205,33
DA:206,33
DA:207,33
DA:209,33
DA:210,33
DA:211,33
DA:214,33
DA:216,33
DA:217,33
DA:218,30
DA:219,30
DA:220,30
DA:222,30
DA:224,30
DA:226,30
DA:227,30
DA:228,30
DA:229,30
DA:230,30
DA:231,30
DA:232,30
DA:233,30
DA:234,30
DA:235,30
DA:237,30
DA:239,21
DA:240,21
DA:241,21
DA:242,21
DA:243,21
DA:244,21
DA:247,21
DA:249,21
DA:252,6
DA:254,3
DA:255,3
DA:267,1
DA:269,1
DA:283,1
DA:285,1
DA:287,1
DA:293,3
DA:294,6
DA:296,3
DA:297,3
DA:307,10
DA:308,10
DA:309,20
DA:310,10
DA:311,20
DA:313,10
DA:315,10
DA:316,10
DA:317,1
DA:318,1
DA:322,5
DA:326,5
DA:329,0
DA:330,0
LF:82
LH:80
end_of_record
SF:lib/utilities/extensions/dynamic_extensions.dart
DA:22,126
DA:23,63
DA:24,63
DA:47,2
DA:48,3
DA:49,5
DA:50,3
DA:51,3
DA:52,3
DA:53,4
DA:54,4
DA:77,130
DA:78,65
DA:79,129
DA:80,52
DA:81,52
DA:83,52
DA:84,1
DA:85,0
DA:108,126
DA:109,63
DA:110,63
DA:111,102
DA:113,2
DA:133,126
DA:134,63
DA:135,63
DA:136,80
DA:138,2
LF:29
LH:28
end_of_record
SF:lib/utilities/web_data/src/web_fetch_base.dart
DA:80,59
DA:89,2
DA:90,72
DA:91,35
DA:92,105
DA:99,1
DA:104,0
DA:105,0
DA:106,0
DA:108,0
DA:111,2
DA:113,1
DA:114,1
DA:115,4
DA:116,1
DA:119,0
DA:127,58
DA:129,116
DA:130,58
DA:131,58
DA:138,6
DA:143,12
DA:144,6
DA:145,2
DA:148,2
DA:150,12
DA:181,4
DA:185,4
DA:186,1
DA:190,4
DA:191,4
DA:192,3
DA:194,3
DA:195,9
DA:197,4
DA:199,1
DA:213,59
DA:215,59
DA:217,1
DA:218,2
DA:222,177
DA:223,59
DA:224,58
DA:225,2
DA:228,58
DA:229,10
DA:241,30
DA:243,30
DA:244,30
DA:246,60
DA:247,90
DA:248,60
DA:249,60
DA:250,30
DA:253,66
DA:254,2
DA:255,6
DA:256,4
DA:257,6
DA:261,58
DA:262,58
DA:268,0
DA:307,1
DA:308,2
DA:313,0
DA:314,0
DA:320,30
DA:326,24
DA:332,56
DA:338,1
DA:344,54
DA:352,8
DA:360,29
DA:366,29
DA:368,2
DA:369,4
DA:370,2
DA:378,0
DA:379,0
DA:385,59
DA:388,59
DA:389,118
DA:390,177
DA:392,59
DA:394,0
DA:395,0
DA:398,0
DA:406,59
DA:408,59
DA:410,2
DA:411,2
DA:412,2
DA:421,1
DA:422,1
DA:423,1
DA:428,59
DA:429,59
DA:432,59
DA:433,59
DA:434,61
DA:435,2
DA:446,59
DA:450,59
DA:451,35
DA:452,35
DA:453,35
DA:454,35
DA:457,4
DA:458,4
DA:459,1
DA:460,1
DA:464,32
DA:465,32
DA:468,59
DA:469,59
DA:470,59
DA:471,59
DA:472,57
DA:473,57
DA:474,57
DA:475,57
DA:477,114
DA:482,94
DA:483,35
DA:487,0
DA:499,59
DA:503,59
DA:504,35
DA:505,35
DA:506,70
DA:507,35
DA:510,35
DA:511,35
DA:512,1
DA:513,1
DA:517,7
DA:521,7
DA:523,57
DA:524,114
DA:526,171
DA:527,114
DA:531,118
DA:532,116
DA:533,57
DA:534,57
DA:535,57
DA:536,57
DA:537,114
DA:542,59
DA:543,35
DA:551,59
DA:555,59
DA:557,2
DA:558,6
DA:560,2
DA:562,4
DA:564,118
DA:565,16
DA:568,177
DA:569,59
DA:570,59
DA:573,118
DA:575,59
DA:576,118
DA:577,30
DA:578,59
DA:581,59
DA:590,31
DA:594,31
DA:596,2
DA:597,2
DA:601,2
DA:603,1
DA:607,1
DA:616,35
DA:618,70
DA:619,35
DA:620,35
DA:621,35
DA:627,28
DA:628,28
DA:633,1
DA:636,1
DA:637,1
DA:642,32
DA:645,32
DA:646,32
DA:651,29
DA:654,7
DA:655,7
LF:190
LH:176
end_of_record
SF:lib/firebase_options.dart
DA:18,0
DA:22,0
DA:23,0
DA:25,0
DA:26,0
DA:30,0
DA:31,0
DA:35,0
DA:36,0
DA:40,0
DA:41,0
DA:46,0
LF:12
LH:0
end_of_record
SF:lib/movies/blocs/repositories/barcode_repository.dart
DA:12,0
DA:13,0
DA:14,0
DA:15,0
DA:16,0
DA:17,0
LF:6
LH:0
end_of_record
SF:lib/movies/blocs/repositories/repository_types/base_movie_repository.dart
DA:24,1
DA:38,0
DA:39,0
DA:40,0
DA:41,0
DA:42,0
DA:43,0
DA:45,0
DA:47,0
DA:49,0
DA:50,0
DA:53,0
DA:57,0
DA:58,0
DA:59,0
DA:60,0
DA:61,0
DA:64,0
DA:65,0
DA:66,0
DA:67,0
DA:68,0
DA:78,0
DA:80,0
DA:81,0
DA:83,0
DA:84,0
DA:86,0
DA:96,0
DA:98,0
DA:107,0
DA:116,0
DA:118,0
DA:125,0
DA:127,0
DA:128,0
DA:129,0
DA:130,0
DA:135,0
DA:137,0
DA:140,0
DA:142,0
DA:146,0
DA:151,0
DA:153,0
DA:154,0
DA:155,0
DA:162,0
DA:165,0
DA:166,0
DA:167,0
DA:168,0
DA:169,0
DA:171,0
DA:172,0
DA:173,0
DA:176,0
DA:182,0
DA:183,0
DA:184,0
DA:185,0
LF:61
LH:1
end_of_record
SF:lib/movies/web_data_providers/search/webscrapers/fishpond_barcode.dart
DA:30,2
DA:34,2
DA:35,2
DA:37,2
DA:38,2
DA:39,2
DA:40,2
DA:42,2
DA:43,1
DA:44,1
DA:48,2
DA:49,2
DA:50,8
DA:51,4
DA:52,2
DA:53,2
DA:58,2
DA:59,2
DA:60,4
DA:61,4
DA:62,4
DA:63,2
DA:64,6
DA:65,4
LF:24
LH:24
end_of_record
SF:lib/movies/web_data_providers/search/fishpond_barcode.dart
DA:21,2
DA:27,2
DA:28,2
DA:32,2
DA:36,2
DA:40,2
DA:41,2
DA:43,2
DA:46,1
DA:47,2
DA:52,2
DA:53,6
DA:56,1
DA:57,2
DA:58,1
DA:64,2
DA:66,2
DA:67,2
LF:18
LH:18
end_of_record
SF:lib/movies/web_data_providers/search/webscrapers/libsa_barcode.dart
DA:32,2
DA:36,2
DA:37,2
DA:39,2
DA:40,2
DA:41,2
DA:42,2
DA:44,2
DA:46,1
DA:51,2
DA:52,2
DA:53,8
DA:54,4
DA:55,2
DA:56,2
DA:61,2
DA:62,2
DA:63,4
DA:65,6
DA:66,2
DA:68,2
DA:69,2
DA:70,2
DA:71,2
DA:72,4
DA:73,4
DA:74,2
DA:75,6
DA:76,4
LF:29
LH:29
end_of_record
SF:lib/movies/web_data_providers/search/libsa_barcode.dart
DA:21,2
DA:27,2
DA:28,2
DA:32,2
DA:36,2
DA:40,2
DA:41,2
DA:43,1
DA:44,2
DA:49,2
DA:50,6
DA:53,1
DA:54,2
DA:55,1
DA:61,2
DA:63,2
DA:64,2
LF:17
LH:17
end_of_record
SF:lib/movies/web_data_providers/search/picclick_barcode.dart
DA:22,2
DA:28,2
DA:29,2
DA:33,2
DA:37,2
DA:41,2
DA:42,2
DA:44,1
DA:45,2
DA:50,2
DA:51,6
DA:54,1
DA:55,2
DA:56,1
DA:62,2
DA:64,2
DA:65,2
LF:17
LH:17
end_of_record
SF:lib/movies/web_data_providers/search/webscrapers/picclick_barcode.dart
DA:30,2
DA:34,2
DA:35,2
DA:37,2
DA:38,2
DA:39,2
DA:40,2
DA:42,2
DA:44,2
DA:49,2
DA:50,2
DA:51,8
DA:52,4
DA:53,2
DA:54,8
DA:55,4
DA:56,2
DA:57,2
DA:63,2
DA:64,2
DA:66,4
DA:67,2
DA:68,4
DA:69,6
DA:70,2
DA:71,6
DA:72,4
LF:27
LH:27
end_of_record
SF:lib/movies/web_data_providers/search/uhtt_barcode.dart
DA:21,2
DA:28,2
DA:29,2
DA:33,2
DA:37,2
DA:41,2
DA:42,2
DA:44,1
DA:45,2
DA:50,2
DA:51,6
DA:54,1
DA:55,2
DA:56,1
DA:62,2
DA:64,2
DA:65,2
LF:17
LH:17
end_of_record
SF:lib/movies/web_data_providers/search/webscrapers/uhtt_barcode.dart
DA:26,2
DA:30,2
DA:31,2
DA:32,2
DA:34,2
DA:35,2
DA:36,2
DA:37,2
DA:40,2
DA:42,1
DA:46,2
DA:47,2
DA:49,2
DA:50,2
DA:55,2
DA:56,2
DA:57,2
DA:58,4
DA:59,6
DA:60,8
DA:61,6
DA:62,4
LF:22
LH:22
end_of_record
SF:lib/movies/blocs/repositories/more_keywords_repository.dart
DA:12,0
DA:14,0
DA:15,0
DA:16,0
DA:17,0
DA:18,0
LF:6
LH:0
end_of_record
SF:lib/movies/web_data_providers/detail/imdb_more_keywords.dart
DA:20,2
DA:26,2
DA:29,1
DA:34,1
DA:38,2
DA:42,2
DA:44,4
DA:45,2
DA:52,2
DA:54,2
DA:55,2
DA:59,2
DA:63,2
DA:64,2
DA:66,1
DA:67,2
DA:72,2
DA:73,4
DA:74,2
LF:19
LH:19
end_of_record
SF:lib/movies/web_data_providers/detail/webscrapers/imdb_more_keywords.dart
DA:15,2
DA:19,2
DA:20,0
DA:22,2
DA:23,4
DA:27,2
DA:28,2
DA:29,2
DA:34,2
DA:36,2
DA:37,4
DA:38,4
DA:40,2
DA:41,4
DA:43,2
LF:15
LH:14
end_of_record
SF:lib/movies/blocs/repositories/movie_meilisearch_repository.dart
DA:9,0
DA:10,0
DA:11,0
LF:3
LH:0
end_of_record
SF:lib/movies/blocs/repositories/repository_types/movie_list_repository.dart
DA:23,0
DA:25,0
DA:26,0
DA:32,0
DA:33,0
DA:34,0
DA:35,0
DA:36,0
DA:40,0
DA:41,0
DA:42,0
DA:46,0
DA:47,0
DA:48,0
DA:52,0
DA:56,0
DA:58,0
DA:60,0
DA:62,0
DA:63,0
DA:69,0
DA:74,0
DA:75,0
DA:76,0
DA:77,0
DA:78,0
DA:82,0
DA:83,0
DA:84,0
DA:87,0
DA:92,0
DA:94,0
DA:96,0
DA:99,0
DA:109,0
DA:113,0
DA:114,0
DA:115,0
DA:116,0
LF:39
LH:0
end_of_record
SF:lib/movies/web_data_providers/search/ms_search.dart
DA:35,2
DA:40,2
DA:41,2
DA:45,2
DA:49,1
DA:51,2
DA:52,2
DA:54,2
DA:55,2
DA:57,1
DA:59,1
DA:61,0
DA:64,2
DA:65,4
DA:70,6
DA:71,2
DA:72,2
DA:75,2
DA:81,2
DA:82,4
DA:84,2
DA:85,2
DA:88,2
DA:90,0
DA:101,1
DA:104,1
DA:105,1
DA:108,1
DA:112,1
DA:113,2
DA:115,1
DA:116,2
DA:121,2
DA:122,4
DA:125,2
DA:126,4
DA:127,2
DA:133,0
DA:134,0
LF:39
LH:35
end_of_record
SF:lib/movies/blocs/repositories/movie_search_repository.dart
DA:13,0
DA:14,0
DA:15,0
DA:16,0
DA:17,0
DA:18,0
DA:19,0
LF:7
LH:0
end_of_record
SF:lib/movies/web_data_providers/search/google.dart
DA:27,2
DA:30,8
DA:33,2
DA:34,2
DA:38,2
DA:42,2
DA:46,2
DA:47,2
DA:49,1
DA:50,2
DA:55,2
DA:56,4
DA:59,1
DA:60,2
DA:61,1
DA:67,2
DA:70,4
DA:71,4
DA:72,4
DA:75,2
LF:20
LH:20
end_of_record
SF:lib/movies/web_data_providers/search/webscrapers/imdb_search.dart
DA:31,2
DA:36,2
DA:37,2
DA:39,1
DA:40,1
DA:45,1
DA:48,1
DA:49,1
DA:50,2
DA:51,1
DA:52,1
DA:53,1
DA:55,2
DA:59,2
DA:64,4
DA:71,2
DA:74,2
DA:75,1
DA:77,2
DA:79,1
DA:83,1
DA:84,2
DA:85,1
DA:89,2
DA:90,2
DA:91,2
DA:95,1
DA:96,2
DA:97,2
DA:99,1
DA:102,4
DA:103,2
DA:104,4
DA:105,2
DA:106,4
DA:107,2
DA:108,2
DA:109,2
DA:110,4
DA:119,1
DA:120,1
DA:121,2
DA:122,2
DA:124,2
DA:125,2
DA:126,1
DA:127,3
DA:129,1
DA:130,1
DA:134,2
DA:135,2
DA:136,4
DA:137,4
DA:138,4
DA:139,4
DA:140,4
DA:141,2
DA:143,2
DA:144,6
DA:146,4
DA:148,2
LF:61
LH:61
end_of_record
SF:lib/movies/web_data_providers/search/imdb_search.dart
DA:16,2
DA:21,2
DA:22,2
DA:26,2
DA:30,2
DA:34,2
DA:35,2
DA:36,2
DA:38,1
DA:39,2
DA:44,2
DA:45,4
DA:48,1
DA:49,2
DA:50,1
DA:56,2
DA:58,2
DA:59,2
LF:18
LH:18
end_of_record
SF:lib/movies/web_data_providers/search/imdb_suggestions.dart
DA:22,2
DA:23,4
DA:24,2
DA:32,2
DA:33,2
DA:37,2
DA:41,2
DA:42,4
DA:45,2
DA:49,4
DA:50,1
DA:51,2
DA:56,1
DA:57,2
DA:58,1
DA:64,2
DA:66,2
DA:67,2
DA:70,2
DA:74,2
DA:75,0
DA:79,2
DA:80,2
DA:81,1
DA:82,2
LF:25
LH:24
end_of_record
SF:lib/movies/web_data_providers/search/cache/imdb_suggestion.dart
DA:13,0
DA:14,0
DA:15,0
DA:27,0
DA:32,0
DA:35,0
DA:36,0
DA:37,0
DA:38,0
DA:40,0
DA:43,0
DA:45,0
DA:47,0
DA:49,0
DA:51,0
DA:52,0
DA:53,0
DA:56,0
DA:58,0
DA:59,0
DA:64,0
DA:66,0
DA:67,0
DA:72,0
DA:75,0
DA:76,0
DA:77,0
DA:81,0
DA:82,0
DA:83,0
DA:87,0
DA:91,0
DA:92,0
DA:93,0
DA:95,0
DA:98,0
DA:102,0
DA:104,0
DA:106,0
DA:107,0
DA:108,0
DA:112,0
DA:113,0
DA:115,0
DA:123,0
LF:45
LH:0
end_of_record
SF:lib/movies/web_data_providers/search/omdb.dart
DA:21,2
DA:26,2
DA:27,2
DA:31,2
DA:35,2
DA:39,4
DA:40,1
DA:41,2
DA:46,2
DA:47,4
DA:50,1
DA:51,2
DA:52,1
DA:58,2
DA:61,4
DA:62,2
DA:63,2
DA:67,2
DA:71,4
DA:74,2
DA:75,2
DA:76,1
DA:77,2
LF:23
LH:23
end_of_record
SF:lib/movies/web_data_providers/search/tmdb.dart
DA:21,2
DA:26,2
DA:27,2
DA:31,2
DA:35,2
DA:39,4
DA:40,1
DA:41,2
DA:46,2
DA:47,4
DA:50,1
DA:51,2
DA:52,1
DA:58,2
DA:61,4
DA:62,2
DA:63,2
DA:68,1
DA:71,2
DA:72,2
DA:77,2
DA:81,2
DA:82,0
DA:86,2
DA:87,2
DA:88,1
DA:89,2
LF:27
LH:26
end_of_record
SF:lib/movies/blocs/repositories/movies_for_keyword_repository.dart
DA:12,0
DA:14,0
DA:15,0
DA:16,0
DA:17,0
DA:18,0
LF:6
LH:0
end_of_record
SF:lib/movies/web_data_providers/search/imdb_movies_for_keyword.dart
DA:21,2
DA:27,2
DA:28,2
DA:32,2
DA:36,2
DA:40,2
DA:41,2
DA:42,2
DA:44,1
DA:45,2
DA:50,2
DA:51,4
DA:54,1
DA:55,2
DA:56,1
DA:62,2
DA:64,4
DA:65,2
DA:66,2
LF:19
LH:19
end_of_record
SF:lib/movies/web_data_providers/search/webscrapers/imdb_movies_for_keyword.dart
DA:22,2
DA:27,2
DA:28,1
DA:29,1
DA:36,1
DA:39,1
DA:40,1
DA:41,1
DA:42,1
DA:43,2
DA:45,1
DA:47,1
DA:51,1
DA:52,2
DA:58,1
DA:59,1
DA:60,2
DA:61,4
DA:64,1
LF:19
LH:19
end_of_record
SF:lib/utilities/web_data/online_offline_search.dart
DA:3,189
DA:14,1
DA:18,3
DA:20,3
DA:27,60
LF:5
LH:5
end_of_record
SF:lib/movies/web_data_providers/detail/tmdb_finder.dart
DA:21,2
DA:22,2
DA:23,2
DA:24,2
DA:25,6
DA:29,2
DA:34,2
DA:39,2
DA:41,2
DA:42,4
DA:45,8
DA:50,2
DA:54,2
DA:55,1
DA:56,2
DA:59,4
DA:63,2
DA:65,2
LF:18
LH:18
end_of_record
SF:lib/movies/web_data_providers/detail/tmdb_movie_detail.dart
DA:17,2
DA:18,2
DA:19,2
DA:22,2
DA:27,2
DA:31,2
DA:35,2
DA:36,2
DA:39,1
DA:40,2
LF:10
LH:10
end_of_record
SF:lib/movies/web_data_providers/detail/tmdb_person_detail.dart
DA:18,2
DA:19,2
DA:20,2
DA:23,2
DA:28,2
DA:32,2
DA:36,2
DA:37,2
DA:39,1
DA:40,2
LF:10
LH:10
end_of_record
SF:lib/movies/blocs/repositories/repository_types/tor_multisearch_repository.dart
DA:22,0
DA:24,0
DA:25,0
DA:31,0
DA:32,0
DA:33,0
DA:40,0
DA:41,0
DA:42,0
DA:50,0
DA:54,0
DA:55,0
DA:58,0
DA:60,0
DA:63,0
DA:69,0
DA:74,0
DA:75,0
DA:76,0
DA:77,0
DA:78,0
DA:85,0
DA:89,0
DA:90,0
DA:91,0
DA:92,0
LF:26
LH:0
end_of_record
SF:lib/movies/web_data_providers/detail/magnet_torrent_download_detail.dart
DA:26,2
DA:31,2
DA:32,2
DA:36,2
DA:40,2
DA:44,2
DA:45,2
DA:47,2
DA:50,1
DA:51,2
DA:56,2
DA:57,6
DA:60,1
DA:61,2
DA:62,1
DA:68,2
DA:70,2
DA:71,2
DA:72,2
DA:74,2
DA:75,2
LF:21
LH:21
end_of_record
SF:lib/movies/web_data_providers/detail/webscrapers/magnet_torrent_download_detail.dart
DA:26,2
DA:30,2
DA:31,2
DA:33,2
DA:34,2
DA:35,2
DA:36,2
DA:38,2
DA:40,1
DA:44,2
DA:45,2
DA:46,2
DA:47,2
DA:48,2
DA:49,8
DA:50,2
DA:51,4
DA:52,6
DA:54,4
LF:19
LH:19
end_of_record
SF:lib/movies/web_data_providers/detail/webscrapers/yts_detail.dart
DA:26,2
DA:30,2
DA:31,2
DA:33,2
DA:34,2
DA:38,1
DA:44,1
DA:47,1
DA:54,2
DA:55,2
DA:56,2
DA:61,2
DA:62,2
DA:63,2
DA:64,2
DA:65,2
DA:67,4
DA:68,4
DA:69,2
DA:70,2
DA:71,6
DA:72,10
DA:77,2
DA:78,1
DA:79,2
DA:86,2
DA:87,2
DA:88,2
DA:89,4
DA:90,6
DA:95,2
DA:96,2
DA:97,2
DA:98,6
DA:103,2
DA:104,2
DA:105,2
DA:106,4
DA:108,4
DA:109,4
DA:110,2
DA:113,2
DA:114,4
DA:117,4
DA:127,2
DA:128,2
DA:129,2
DA:130,4
DA:132,6
DA:133,10
DA:136,2
DA:137,2
DA:138,2
DA:139,2
DA:140,2
DA:143,2
DA:144,1
DA:145,2
DA:146,2
DA:150,4
LF:60
LH:60
end_of_record
SF:lib/movies/web_data_providers/detail/yts_detail.dart
DA:29,2
DA:34,2
DA:39,2
DA:43,2
DA:45,4
DA:46,2
DA:53,2
DA:55,2
DA:56,2
DA:57,0
DA:59,2
DA:60,2
DA:64,2
DA:68,2
DA:69,2
DA:71,1
DA:72,2
DA:77,1
DA:78,2
DA:79,1
LF:20
LH:19
end_of_record
SF:lib/movies/blocs/repositories/tor_repository.dart
DA:22,0
DA:24,0
DA:26,0
DA:27,0
DA:31,0
DA:32,0
DA:34,0
DA:35,0
DA:36,0
DA:41,0
DA:42,0
DA:43,0
DA:45,0
DA:46,0
DA:47,0
DA:49,0
DA:57,0
DA:58,0
DA:60,0
DA:62,0
DA:64,0
DA:65,0
DA:66,0
DA:67,0
DA:68,0
DA:69,0
LF:26
LH:0
end_of_record
SF:lib/movies/web_data_providers/search/webscrapers/magnet_glo_torrents.dart
DA:27,2
DA:32,2
DA:33,2
DA:35,2
DA:36,2
DA:37,2
DA:38,2
DA:40,2
DA:42,1
DA:46,2
DA:47,2
DA:49,2
DA:50,6
DA:55,2
DA:56,2
DA:57,4
DA:58,2
DA:60,2
DA:61,6
DA:62,12
DA:63,6
DA:66,6
DA:67,6
DA:68,4
DA:69,4
DA:71,6
DA:72,6
DA:73,6
DA:74,4
LF:29
LH:29
end_of_record
SF:lib/movies/web_data_providers/search/magnet_glo_torrents.dart
DA:27,2
DA:33,2
DA:34,2
DA:38,2
DA:42,2
DA:46,2
DA:47,2
DA:49,1
DA:50,2
DA:55,2
DA:56,6
DA:59,1
DA:60,2
DA:61,1
DA:67,2
DA:69,4
DA:71,4
DA:72,2
LF:18
LH:18
end_of_record
SF:lib/movies/web_data_providers/search/webscrapers/magnet_magnet_dl.dart
DA:29,1
DA:33,1
DA:34,0
DA:37,1
DA:39,1
DA:41,1
DA:42,1
DA:43,1
DA:44,1
DA:46,2
DA:47,1
DA:51,1
DA:52,1
DA:54,1
DA:55,3
DA:60,1
DA:61,1
DA:62,3
DA:63,1
DA:64,3
DA:65,3
DA:66,1
DA:67,3
DA:68,3
DA:69,3
DA:71,3
DA:72,3
DA:73,3
DA:74,2
LF:29
LH:28
end_of_record
SF:lib/movies/web_data_providers/search/magnet_magnet_dl.dart
DA:27,2
DA:33,2
DA:34,2
DA:38,2
DA:42,1
DA:46,1
DA:47,1
DA:49,1
DA:50,2
DA:55,2
DA:56,6
DA:59,2
DA:60,4
DA:61,2
DA:67,2
DA:69,4
DA:71,4
DA:73,2
DA:74,2
LF:19
LH:19
end_of_record
SF:lib/movies/web_data_providers/search/webscrapers/magnet_solid_torrents.dart
DA:28,2
DA:32,2
DA:33,2
DA:35,2
DA:36,2
DA:37,2
DA:38,2
DA:40,2
DA:42,1
DA:46,2
DA:47,2
DA:48,4
DA:49,2
DA:50,2
DA:55,2
DA:56,2
DA:57,2
DA:58,2
DA:59,2
DA:60,6
DA:61,4
DA:62,2
DA:63,4
DA:64,2
DA:65,6
DA:66,6
DA:67,8
DA:68,8
DA:70,6
DA:71,6
DA:72,6
DA:73,4
LF:32
LH:32
end_of_record
SF:lib/movies/web_data_providers/search/magnet_solid_torrents.dart
DA:27,2
DA:33,2
DA:34,2
DA:38,2
DA:42,2
DA:46,2
DA:47,2
DA:49,1
DA:50,2
DA:55,2
DA:56,6
DA:59,1
DA:60,2
DA:61,1
DA:67,2
DA:69,4
DA:70,2
DA:72,2
DA:73,2
LF:19
LH:19
end_of_record
SF:lib/movies/web_data_providers/search/magnet_torrent_download_search.dart
DA:26,2
DA:33,2
DA:34,2
DA:38,2
DA:42,2
DA:46,2
DA:47,2
DA:49,1
DA:50,2
DA:55,2
DA:56,6
DA:59,1
DA:60,2
DA:61,1
DA:67,2
DA:69,2
DA:71,2
DA:72,2
LF:18
LH:18
end_of_record
SF:lib/movies/web_data_providers/search/webscrapers/magnet_torrent_download_search.dart
DA:30,2
DA:34,2
DA:35,2
DA:37,2
DA:38,2
DA:39,2
DA:40,2
DA:42,2
DA:44,1
DA:48,2
DA:49,2
DA:50,4
DA:51,4
DA:52,6
DA:53,2
DA:54,2
DA:61,2
DA:62,2
DA:63,6
DA:64,6
DA:65,6
DA:67,6
DA:69,2
DA:70,6
DA:73,2
DA:74,6
DA:75,6
DA:76,6
DA:77,6
DA:78,4
LF:30
LH:30
end_of_record
SF:lib/movies/web_data_providers/search/webscrapers/magnet_torrentz2.dart
DA:27,2
DA:31,2
DA:32,2
DA:34,2
DA:35,2
DA:36,2
DA:37,2
DA:39,2
DA:41,1
DA:45,2
DA:46,4
DA:47,2
DA:48,2
DA:53,2
DA:54,2
DA:55,6
DA:56,2
DA:57,6
DA:58,4
DA:60,4
DA:61,6
DA:62,6
DA:63,6
DA:65,6
DA:66,6
DA:67,6
DA:68,4
LF:27
LH:27
end_of_record
SF:lib/movies/web_data_providers/search/magnet_torrentz2.dart
DA:27,2
DA:33,2
DA:34,2
DA:38,2
DA:42,2
DA:46,2
DA:47,2
DA:49,1
DA:50,2
DA:55,2
DA:56,6
DA:59,1
DA:60,2
DA:61,1
DA:67,2
DA:69,4
DA:70,2
DA:72,2
DA:73,2
LF:19
LH:19
end_of_record
SF:lib/movies/web_data_providers/search/webscrapers/tpb_search.dart
DA:27,2
DA:32,2
DA:33,2
DA:35,2
DA:36,2
DA:37,2
DA:38,2
DA:40,2
DA:41,1
DA:45,2
DA:46,2
DA:48,2
DA:50,6
DA:55,2
DA:56,2
DA:57,4
DA:58,2
DA:59,6
DA:60,2
DA:61,8
DA:62,8
DA:63,2
DA:64,6
DA:65,6
DA:66,6
DA:68,6
DA:69,6
DA:70,6
DA:71,4
LF:29
LH:29
end_of_record
SF:lib/movies/web_data_providers/search/tpb_search.dart
DA:26,2
DA:32,2
DA:33,2
DA:37,2
DA:41,2
DA:45,2
DA:46,2
DA:48,1
DA:49,2
DA:54,2
DA:55,6
DA:58,1
DA:59,2
DA:60,1
DA:66,2
DA:68,4
DA:69,2
DA:70,2
LF:18
LH:18
end_of_record
SF:lib/movies/web_data_providers/search/yts_search.dart
DA:18,2
DA:19,2
DA:25,2
DA:26,2
DA:30,2
DA:34,2
DA:35,6
DA:38,2
DA:42,4
DA:43,1
DA:44,2
DA:49,1
DA:50,2
DA:51,1
DA:57,2
DA:59,2
DA:60,2
DA:63,2
DA:67,2
DA:68,0
DA:70,0
DA:74,2
DA:75,2
DA:76,1
DA:77,2
DA:79,1
LF:26
LH:24
end_of_record
SF:lib/movies/blocs/bloc_parts/search_event.dart
DA:5,76
DA:7,0
DA:8,0
DA:12,0
DA:16,0
DA:17,0
DA:21,0
DA:24,0
DA:25,0
DA:29,76
DA:31,0
DA:32,0
DA:36,0
DA:38,0
DA:39,0
LF:15
LH:2
end_of_record
SF:lib/movies/blocs/search_bloc.dart
DA:26,0
DA:27,0
DA:28,0
DA:29,0
DA:31,0
DA:33,0
DA:34,0
DA:36,0
DA:38,0
DA:39,0
DA:40,0
DA:42,0
DA:43,0
DA:57,0
DA:60,0
DA:61,0
DA:62,0
DA:67,0
DA:71,0
DA:72,0
DA:74,0
DA:75,0
DA:76,0
DA:77,0
DA:78,0
DA:79,0
DA:80,0
DA:81,0
DA:85,0
DA:86,0
DA:88,0
DA:90,0
DA:95,0
DA:97,0
DA:98,0
DA:104,0
DA:105,0
DA:107,0
DA:108,0
DA:112,0
DA:113,0
DA:116,0
DA:117,0
DA:119,0
DA:122,0
DA:123,0
DA:124,0
DA:125,0
DA:126,0
DA:128,0
DA:129,0
DA:130,0
DA:137,0
DA:138,0
DA:142,0
DA:146,0
DA:151,0
DA:152,0
DA:153,0
DA:154,0
DA:156,0
DA:157,0
DA:158,0
DA:165,0
DA:173,0
DA:174,0
DA:175,0
DA:176,0
DA:178,0
DA:185,0
DA:186,0
DA:187,0
DA:188,0
DA:190,0
DA:191,0
DA:196,0
DA:197,0
DA:198,0
DA:199,0
DA:200,0
DA:203,0
DA:204,0
DA:210,0
DA:211,0
DA:212,0
DA:213,0
DA:215,0
DA:216,0
DA:218,0
DA:219,0
LF:90
LH:0
end_of_record
SF:lib/movies/blocs/bloc_parts/search_state.dart
DA:4,76
DA:11,76
DA:13,0
DA:14,0
DA:16,0
DA:17,0
DA:24,0
DA:25,0
LF:8
LH:2
end_of_record
SF:lib/persistence/firebase/firebase_common.dart
DA:30,19
DA:31,19
DA:32,19
DA:33,0
DA:37,19
DA:38,38
DA:42,57
DA:51,95
DA:53,38
DA:55,19
DA:57,19
DA:60,0
DA:69,6
DA:73,6
DA:74,0
DA:78,18
DA:89,1
DA:105,1
DA:106,0
DA:107,0
DA:110,3
DA:114,2
DA:119,2
DA:120,0
DA:124,3
DA:128,2
DA:129,1
DA:130,2
DA:131,1
DA:132,1
DA:133,3
DA:136,10
DA:137,5
DA:138,5
DA:139,5
DA:140,10
DA:141,15
DA:152,0
DA:155,0
DA:156,0
LF:40
LH:31
end_of_record
SF:lib/movies/models/movie_location.dart
DA:14,4
DA:16,2
DA:17,4
DA:27,2
DA:28,4
DA:29,4
DA:30,0
DA:31,4
DA:35,1
DA:36,2
DA:37,2
DA:41,2
DA:42,2
DA:43,2
DA:47,2
DA:48,4
DA:51,2
DA:52,5
DA:57,0
DA:61,0
DA:62,0
DA:63,0
DA:64,0
DA:65,0
DA:66,0
DA:74,0
DA:75,0
DA:76,0
DA:79,0
DA:80,0
DA:81,0
DA:84,0
DA:85,0
DA:89,0
DA:90,0
DA:91,0
DA:97,1
DA:101,3
DA:104,1
DA:106,1
DA:108,1
DA:110,1
DA:111,3
DA:112,4
DA:113,2
DA:121,1
DA:122,2
DA:123,2
DA:124,1
DA:128,2
DA:134,0
DA:136,0
DA:137,0
DA:138,0
DA:139,0
DA:140,0
DA:141,0
DA:150,0
DA:151,0
DA:152,0
DA:153,0
DA:154,0
DA:159,0
DA:160,0
DA:161,0
DA:162,0
DA:172,1
DA:174,1
DA:176,1
DA:178,0
DA:180,0
DA:181,0
DA:182,0
DA:184,0
DA:185,0
DA:187,1
DA:188,3
DA:189,2
DA:196,2
DA:197,2
DA:198,4
DA:199,4
DA:200,4
DA:201,2
DA:202,2
DA:204,2
DA:205,2
DA:206,2
DA:207,2
DA:219,2
DA:220,8
DA:221,6
DA:222,8
DA:223,8
DA:225,6
DA:226,6
DA:233,1
DA:234,1
DA:235,3
DA:236,3
DA:238,2
DA:240,1
DA:241,1
DA:245,0
DA:246,0
DA:247,0
DA:250,2
DA:251,2
DA:252,2
DA:263,2
DA:266,2
DA:269,4
DA:270,2
DA:272,4
DA:273,2
DA:274,2
DA:275,4
DA:276,2
DA:277,2
DA:278,6
DA:279,6
DA:280,6
DA:282,2
DA:283,6
DA:284,6
DA:286,2
DA:293,0
DA:294,0
DA:295,0
DA:301,0
DA:302,0
DA:303,0
DA:306,0
DA:307,0
DA:308,0
DA:309,0
DA:310,0
DA:311,0
DA:312,0
DA:313,0
DA:324,1
DA:325,1
DA:326,1
DA:327,1
DA:328,1
DA:330,2
DA:333,1
DA:334,2
DA:335,4
DA:336,4
DA:337,3
DA:339,4
DA:340,3
DA:341,3
DA:342,3
DA:343,3
DA:344,3
DA:345,3
DA:346,1
DA:347,3
DA:349,1
DA:355,1
DA:358,1
DA:361,2
DA:362,1
DA:392,2
DA:399,0
DA:403,0
DA:404,0
DA:405,0
DA:406,0
DA:407,0
DA:418,0
DA:419,0
DA:420,0
DA:421,0
DA:422,0
DA:423,0
DA:433,3
DA:442,0
DA:443,0
DA:445,0
DA:448,0
DA:449,0
DA:456,2
DA:457,6
DA:461,2
DA:464,2
DA:465,6
DA:466,6
DA:473,3
DA:477,0
DA:478,0
DA:480,0
DA:482,0
DA:483,0
DA:488,0
DA:489,0
DA:493,2
DA:495,2
DA:496,6
DA:497,3
DA:503,1
DA:507,0
DA:508,0
DA:510,1
DA:511,2
DA:512,2
DA:513,3
DA:514,3
DA:515,3
DA:516,3
DA:517,3
DA:521,0
DA:522,0
DA:523,0
DA:524,0
DA:525,0
DA:526,0
DA:528,0
DA:529,0
DA:530,0
LF:222
LH:129
end_of_record
SF:lib/movies/web_data_providers/common/barcode_helpers.dart
DA:23,0
DA:24,0
DA:27,0
DA:28,0
DA:34,0
DA:35,0
DA:36,0
DA:37,0
DA:41,0
DA:43,0
DA:47,0
DA:48,0
DA:58,0
DA:59,0
DA:60,0
DA:61,0
DA:62,0
DA:64,0
DA:74,0
DA:75,0
DA:76,0
DA:84,0
DA:85,0
DA:86,0
DA:88,0
DA:97,4
DA:98,4
DA:103,8
DA:104,8
DA:105,4
DA:106,4
DA:107,4
DA:108,4
DA:109,8
DA:110,8
DA:111,8
DA:112,4
DA:113,4
DA:114,4
DA:115,4
DA:116,4
DA:117,4
DA:118,4
DA:119,4
DA:120,4
DA:121,4
DA:122,4
DA:123,4
DA:124,4
DA:125,4
DA:126,4
DA:127,4
DA:128,4
DA:129,4
DA:130,4
DA:131,4
DA:132,4
DA:133,4
DA:134,4
DA:135,4
DA:136,4
DA:137,4
DA:138,4
DA:139,4
DA:140,4
DA:141,4
LF:66
LH:41
end_of_record
SF:lib/persistence/tiered_cache.dart
DA:19,8
DA:21,16
DA:22,3
DA:23,1
DA:25,16
DA:27,8
DA:28,8
DA:29,16
DA:30,16
DA:38,0
DA:39,0
DA:40,0
DA:41,0
DA:42,0
DA:49,1
DA:51,2
DA:56,6
DA:57,12
DA:60,12
DA:61,12
DA:62,6
DA:63,12
DA:64,12
DA:65,6
DA:73,9
DA:74,18
DA:77,27
DA:79,2
DA:81,0
DA:82,0
DA:85,1
DA:93,1
DA:94,2
DA:95,2
DA:96,2
DA:99,2
DA:100,1
DA:101,1
DA:102,1
DA:103,4
DA:113,0
DA:120,6
DA:121,24
DA:122,0
DA:127,0
DA:128,0
DA:130,0
DA:132,0
DA:133,0
DA:135,0
DA:137,0
DA:138,0
DA:139,0
DA:147,0
DA:151,0
DA:152,0
DA:154,0
DA:155,0
LF:58
LH:35
end_of_record
SF:lib/utilities/extensions/enum.dart
DA:6,66
DA:7,130
DA:8,64
DA:10,128
DA:11,183
DA:13,4
DA:19,0
LF:7
LH:6
end_of_record
SF:lib/utilities/extensions/num_extensions.dart
DA:12,63
DA:19,126
DA:20,63
DA:22,63
DA:33,4
DA:38,4
DA:39,8
DA:40,8
DA:41,4
DA:43,4
DA:44,8
DA:45,8
DA:62,63
DA:67,63
DA:69,63
DA:70,8
DA:73,63
DA:84,9
DA:91,7
DA:92,14
DA:93,7
DA:96,7
DA:97,7
LF:23
LH:23
end_of_record
SF:lib/utilities/extensions/string_extensions.dart
DA:11,1
DA:14,2
DA:24,1
DA:27,2
DA:28,1
DA:39,34
DA:46,68
DA:47,34
DA:55,17
LF:9
LH:9
end_of_record
SF:lib/utilities/navigation/web_nav.dart
DA:35,1
DA:41,0
DA:42,0
DA:43,0
DA:44,0
DA:45,0
DA:54,0
DA:55,0
DA:57,1
DA:65,3
DA:69,1
DA:70,3
DA:74,0
DA:75,0
DA:79,0
DA:80,0
DA:86,1
DA:90,2
DA:92,0
DA:95,1
DA:96,2
DA:107,1
DA:110,1
DA:111,2
DA:119,0
DA:121,0
DA:122,0
DA:124,0
DA:131,1
DA:133,1
DA:135,1
DA:136,2
DA:146,0
DA:147,0
DA:148,0
DA:150,0
DA:151,0
DA:157,1
DA:158,1
DA:159,1
DA:161,2
DA:163,1
DA:164,1
DA:167,0
DA:168,0
DA:170,0
DA:175,1
DA:176,2
DA:178,0
DA:185,1
DA:187,1
DA:188,2
DA:195,1
DA:197,3
DA:199,1
DA:200,1
DA:201,1
DA:202,1
DA:203,1
DA:204,1
DA:205,1
DA:206,1
DA:207,1
DA:208,1
DA:209,1
DA:210,2
DA:212,4
DA:213,3
DA:220,2
DA:221,1
DA:222,1
DA:223,1
DA:224,1
DA:227,1
DA:228,1
DA:229,1
DA:232,1
DA:233,1
DA:234,1
DA:237,1
DA:238,1
DA:239,1
DA:242,1
DA:243,1
DA:244,1
DA:247,1
DA:248,1
DA:249,1
DA:256,0
DA:264,0
DA:265,0
DA:266,0
DA:267,0
DA:269,0
DA:280,0
DA:281,0
DA:283,0
DA:286,0
DA:287,0
DA:288,0
DA:289,0
DA:291,0
DA:292,0
DA:293,0
DA:294,0
DA:296,0
DA:299,0
DA:302,0
DA:311,0
DA:312,0
DA:313,0
DA:314,0
DA:315,0
DA:316,0
DA:317,0
DA:320,0
DA:323,0
DA:324,0
DA:334,0
DA:335,0
DA:337,0
DA:338,0
DA:339,0
DA:342,0
DA:344,0
DA:345,0
DA:346,0
DA:350,0
DA:353,0
DA:359,0
DA:360,0
DA:361,0
DA:362,0
DA:369,0
DA:372,0
DA:373,0
DA:374,0
DA:377,0
DA:378,0
DA:382,0
DA:386,0
DA:388,0
DA:389,0
DA:390,0
DA:391,0
DA:396,0
DA:397,0
DA:400,0
LF:148
LH:63
end_of_record
SF:lib/movies/screens/error_details.dart
DA:17,0
DA:26,0
DA:27,0
DA:30,0
DA:31,0
DA:32,0
DA:33,0
DA:34,0
DA:41,0
DA:45,0
DA:47,0
DA:49,0
DA:51,0
DA:53,0
DA:56,0
DA:58,0
DA:61,0
DA:62,0
DA:63,0
DA:67,0
DA:70,0
DA:71,0
DA:74,0
DA:75,0
DA:76,0
DA:77,0
DA:78,0
DA:80,0
DA:81,0
DA:83,0
DA:88,0
DA:90,0
DA:91,0
LF:33
LH:0
end_of_record
SF:lib/movies/screens/widgets/snack_drawer.dart
DA:5,2
DA:6,1
DA:9,1
DA:13,1
DA:15,0
DA:16,0
DA:17,0
DA:20,0
DA:23,1
DA:25,0
DA:26,0
DA:27,0
DA:30,1
DA:32,0
DA:33,0
DA:34,0
DA:37,0
LF:17
LH:6
end_of_record
SF:lib/movies/screens/movie_details.dart
DA:20,0
DA:29,0
DA:30,0
DA:33,0
DA:34,0
DA:35,0
DA:36,0
DA:37,0
DA:44,0
DA:51,0
DA:53,0
DA:56,0
DA:57,0
DA:58,0
DA:59,0
DA:61,0
DA:67,0
DA:68,0
DA:70,0
DA:71,0
DA:75,0
DA:76,0
DA:77,0
DA:78,0
DA:84,0
DA:85,0
DA:86,0
DA:88,0
DA:89,0
DA:90,0
DA:92,0
DA:93,0
DA:98,0
DA:100,0
DA:102,0
DA:103,0
DA:106,0
DA:107,0
DA:109,0
DA:111,0
DA:113,0
DA:115,0
DA:118,0
DA:119,0
DA:121,0
DA:122,0
DA:126,0
DA:129,0
DA:130,0
DA:131,0
DA:134,0
DA:136,0
DA:137,0
DA:138,0
DA:139,0
DA:140,0
DA:142,0
DA:143,0
DA:145,0
DA:151,0
DA:153,0
DA:154,0
DA:155,0
DA:157,0
DA:158,0
DA:159,0
DA:161,0
DA:162,0
DA:164,0
DA:166,0
DA:171,0
DA:173,0
DA:174,0
DA:175,0
DA:178,0
DA:179,0
DA:182,0
DA:183,0
DA:192,0
DA:193,0
DA:194,0
DA:195,0
DA:196,0
DA:198,0
DA:200,0
DA:202,0
DA:203,0
DA:204,0
DA:210,0
DA:211,0
DA:212,0
DA:213,0
DA:214,0
DA:215,0
DA:216,0
DA:217,0
DA:225,0
DA:227,0
DA:228,0
DA:229,0
DA:230,0
DA:231,0
DA:233,0
DA:234,0
DA:235,0
DA:236,0
DA:237,0
DA:243,0
DA:244,0
DA:245,0
DA:246,0
DA:247,0
DA:250,0
DA:251,0
DA:252,0
DA:253,0
DA:254,0
DA:255,0
DA:256,0
DA:257,0
DA:258,0
DA:259,0
DA:264,0
DA:271,0
DA:272,0
DA:273,0
DA:274,0
DA:277,0
DA:278,0
DA:279,0
DA:280,0
DA:282,0
DA:283,0
DA:286,0
DA:287,0
DA:288,0
DA:291,0
DA:292,0
DA:298,0
DA:299,0
DA:300,0
DA:301,0
DA:302,0
DA:303,0
DA:308,0
DA:309,0
DA:312,0
DA:313,0
DA:315,0
DA:316,0
DA:317,0
DA:318,0
DA:321,0
DA:322,0
DA:323,0
DA:326,0
DA:328,0
DA:329,0
DA:332,0
DA:333,0
DA:335,0
DA:340,0
DA:341,0
DA:342,0
DA:343,0
DA:347,0
DA:348,0
DA:349,0
DA:350,0
DA:351,0
DA:352,0
DA:354,0
DA:355,0
DA:356,0
DA:357,0
DA:358,0
DA:359,0
DA:360,0
DA:362,0
DA:374,0
DA:375,0
DA:376,0
DA:377,0
DA:380,0
DA:381,0
DA:382,0
DA:383,0
DA:385,0
LF:188
LH:0
end_of_record
SF:lib/movies/screens/styles.dart
DA:8,0
LF:1
LH:0
end_of_record
SF:lib/movies/screens/widgets/controls.dart
DA:11,0
DA:12,0
DA:23,0
DA:29,0
DA:30,0
DA:31,0
DA:35,0
DA:36,0
DA:37,0
DA:38,0
DA:40,0
DA:41,0
DA:42,0
DA:45,0
DA:46,0
DA:47,0
DA:50,0
DA:52,0
DA:55,0
DA:57,0
DA:58,0
DA:59,0
DA:61,0
DA:62,0
DA:63,0
DA:77,0
DA:78,0
DA:80,0
DA:81,0
DA:84,0
DA:89,0
DA:91,0
DA:92,0
DA:94,0
DA:100,0
DA:110,0
DA:111,0
DA:112,0
DA:113,0
DA:117,0
DA:123,0
DA:126,0
DA:127,0
DA:128,0
DA:129,0
DA:139,0
DA:148,0
DA:149,0
DA:168,0
DA:169,0
DA:170,0
DA:175,0
DA:176,0
DA:177,0
DA:178,0
DA:180,0
DA:181,0
DA:183,0
DA:186,0
DA:187,0
LF:60
LH:0
end_of_record
SF:lib/movies/web_data_providers/detail/webscrapers/imdb_cast.dart
DA:14,2
DA:18,2
DA:19,4
DA:23,2
DA:24,2
DA:26,2
DA:28,4
DA:33,2
DA:35,4
DA:37,4
DA:38,2
DA:39,2
DA:40,2
DA:43,1
DA:44,2
DA:49,2
DA:50,4
DA:51,2
DA:52,2
DA:53,0
DA:55,6
DA:56,2
DA:61,2
DA:66,2
DA:67,4
DA:69,4
DA:72,2
DA:73,2
DA:74,4
DA:75,2
DA:77,4
DA:78,10
DA:79,4
DA:81,2
DA:82,2
DA:83,4
DA:84,2
DA:85,4
DA:89,2
DA:91,2
LF:40
LH:39
end_of_record
SF:lib/movies/web_data_providers/detail/imdb_cast.dart
DA:20,2
DA:26,2
DA:29,1
DA:34,1
DA:38,2
DA:42,2
DA:44,4
DA:45,2
DA:53,2
DA:55,2
DA:56,2
DA:60,2
DA:64,4
DA:65,1
DA:66,2
DA:71,1
DA:72,2
DA:73,1
LF:18
LH:18
end_of_record
SF:lib/movies/web_data_providers/detail/imdb_title.dart
DA:19,4
DA:25,2
DA:26,2
DA:30,3
DA:34,3
DA:36,6
DA:37,3
DA:45,3
DA:47,3
DA:48,3
DA:52,3
DA:56,3
DA:57,3
DA:58,3
DA:60,1
DA:61,2
DA:66,2
DA:67,4
DA:68,2
LF:19
LH:19
end_of_record
SF:lib/movies/web_data_providers/detail/webscrapers/imdb_title.dart
DA:18,4
DA:23,4
DA:24,1
DA:25,1
DA:32,1
DA:35,1
DA:36,1
DA:37,1
DA:38,1
DA:39,2
DA:41,1
DA:43,0
DA:47,1
DA:48,2
DA:54,1
DA:55,1
DA:56,0
DA:57,4
DA:60,0
LF:19
LH:16
end_of_record
SF:lib/movies/web_data_providers/detail/cache/imdb_title.dart
DA:13,9
DA:16,3
DA:17,12
DA:20,1
DA:26,3
DA:28,15
DA:31,1
DA:33,4
DA:37,2
DA:38,4
DA:41,3
DA:42,9
LF:12
LH:12
end_of_record
SF:lib/utilities/extensions/duration_extensions.dart
DA:5,1
DA:6,3
DA:7,3
DA:8,3
DA:9,3
DA:16,3
DA:17,1
DA:18,2
DA:22,1
DA:33,1
DA:34,0
DA:38,1
DA:39,1
DA:40,1
DA:41,1
DA:42,1
DA:44,1
DA:45,2
DA:53,1
DA:54,3
DA:59,1
DA:60,3
DA:61,1
LF:23
LH:22
end_of_record
SF:lib/utilities/thread.dart
DA:30,5
DA:31,15
DA:32,10
DA:36,5
DA:37,20
DA:39,5
DA:41,10
DA:56,15
DA:82,5
DA:83,5
DA:84,5
DA:85,10
DA:87,20
DA:89,5
DA:93,5
DA:94,5
DA:98,10
DA:99,5
DA:102,10
DA:103,5
DA:104,15
DA:108,5
DA:109,5
DA:111,5
DA:112,5
DA:115,10
DA:118,10
DA:120,5
DA:122,5
DA:123,5
DA:124,5
DA:126,5
DA:127,5
LF:33
LH:33
end_of_record
SF:lib/movies/screens/movie_physical_location.dart
DA:19,0
DA:28,0
DA:30,0
DA:33,0
DA:34,0
DA:35,0
DA:36,0
DA:37,0
DA:44,0
DA:54,0
DA:56,0
DA:58,0
DA:62,0
DA:63,0
DA:64,0
DA:65,0
DA:68,0
DA:70,0
DA:71,0
DA:72,0
DA:73,0
DA:75,0
DA:78,0
DA:79,0
DA:80,0
DA:81,0
DA:82,0
DA:87,0
DA:88,0
DA:89,0
DA:90,0
DA:91,0
DA:96,0
DA:97,0
DA:98,0
DA:99,0
DA:100,0
DA:105,0
DA:108,0
DA:109,0
DA:110,0
DA:111,0
DA:112,0
DA:113,0
DA:114,0
DA:115,0
DA:118,0
DA:120,0
DA:121,0
DA:122,0
DA:123,0
DA:124,0
DA:126,0
DA:127,0
DA:129,0
DA:135,0
DA:138,0
DA:139,0
DA:140,0
DA:143,0
DA:144,0
DA:145,0
DA:149,0
DA:152,0
DA:154,0
DA:156,0
DA:157,0
DA:159,0
DA:161,0
DA:163,0
DA:165,0
DA:166,0
DA:167,0
DA:168,0
DA:170,0
DA:174,0
DA:176,0
DA:177,0
DA:178,0
DA:179,0
DA:181,0
DA:183,0
DA:186,0
DA:188,0
DA:190,0
DA:192,0
DA:194,0
DA:195,0
DA:196,0
DA:201,0
DA:203,0
DA:204,0
DA:205,0
DA:215,0
DA:216,0
DA:218,0
DA:220,0
DA:222,0
DA:224,0
DA:228,0
DA:233,0
DA:235,0
DA:236,0
DA:238,0
DA:239,0
DA:240,0
DA:241,0
DA:243,0
DA:245,0
DA:255,0
DA:256,0
DA:259,0
DA:260,0
DA:263,0
DA:264,0
DA:265,0
DA:269,0
DA:270,0
DA:271,0
DA:272,0
DA:273,0
DA:279,0
DA:280,0
DA:281,0
DA:282,0
DA:283,0
DA:286,0
DA:287,0
DA:288,0
DA:289,0
DA:292,0
DA:293,0
DA:294,0
DA:298,0
DA:300,0
DA:301,0
DA:302,0
DA:304,0
DA:306,0
DA:307,0
DA:308,0
DA:309,0
DA:314,0
DA:315,0
DA:317,0
DA:318,0
DA:319,0
DA:322,0
DA:323,0
DA:324,0
DA:325,0
DA:326,0
DA:328,0
DA:338,0
DA:339,0
DA:340,0
DA:341,0
DA:343,0
DA:344,0
DA:345,0
DA:348,0
DA:352,0
DA:353,0
DA:356,0
DA:360,0
DA:362,0
DA:363,0
DA:364,0
DA:365,0
DA:366,0
DA:372,0
DA:373,0
DA:374,0
DA:377,0
DA:379,0
DA:381,0
DA:382,0
DA:383,0
DA:389,0
DA:390,0
DA:391,0
DA:394,0
DA:396,0
DA:398,0
DA:399,0
DA:400,0
DA:406,0
DA:407,0
DA:408,0
DA:411,0
DA:413,0
DA:415,0
DA:416,0
DA:417,0
DA:423,0
DA:424,0
DA:425,0
DA:428,0
DA:432,0
DA:433,0
DA:434,0
DA:436,0
DA:437,0
DA:438,0
DA:439,0
DA:440,0
DA:443,0
DA:444,0
DA:445,0
DA:446,0
DA:448,0
DA:450,0
DA:458,0
DA:459,0
DA:460,0
DA:462,0
DA:463,0
DA:464,0
DA:465,0
DA:466,0
DA:469,0
DA:470,0
DA:471,0
DA:472,0
DA:475,0
DA:477,0
LF:226
LH:0
end_of_record
SF:lib/movies/screens/movie_search_criteria.dart
DA:12,1
DA:22,1
DA:24,1
DA:27,2
DA:29,1
DA:30,1
DA:41,0
DA:42,0
DA:44,0
DA:45,0
DA:51,0
DA:52,0
DA:53,0
DA:56,1
DA:57,3
DA:59,1
DA:64,2
DA:67,1
DA:69,2
DA:70,2
DA:71,1
DA:74,0
DA:77,0
DA:79,0
DA:80,0
DA:83,1
DA:86,1
DA:87,1
DA:88,2
DA:94,1
DA:95,1
DA:97,1
DA:98,1
DA:101,1
DA:102,1
DA:107,2
DA:113,1
DA:114,1
DA:115,1
DA:116,2
DA:117,1
DA:122,1
DA:125,1
DA:127,0
DA:128,0
DA:129,0
DA:132,1
DA:134,0
DA:135,0
DA:136,0
DA:137,0
DA:141,0
DA:142,0
LF:53
LH:33
end_of_record
SF:lib/movies/screens/movie_search_results.dart
DA:14,0
DA:23,0
DA:25,0
DA:28,0
DA:29,0
DA:30,0
DA:31,0
DA:32,0
DA:39,0
DA:49,0
DA:51,0
DA:52,0
DA:53,0
DA:54,0
DA:56,0
DA:66,0
DA:67,0
DA:68,0
DA:70,0
DA:73,0
DA:74,0
DA:75,0
DA:77,0
DA:78,0
DA:79,0
DA:82,0
DA:85,0
DA:86,0
DA:89,0
DA:90,0
DA:91,0
DA:93,0
DA:94,0
DA:96,0
DA:100,0
DA:103,0
DA:104,0
DA:105,0
DA:107,0
DA:108,0
DA:109,0
DA:112,0
DA:113,0
DA:114,0
DA:115,0
DA:116,0
DA:119,0
DA:122,0
DA:124,0
DA:125,0
DA:126,0
DA:127,0
DA:131,0
DA:137,0
DA:140,0
DA:142,0
DA:143,0
DA:144,0
DA:145,0
DA:147,0
DA:149,0
DA:151,0
DA:152,0
DA:153,0
DA:159,0
DA:160,0
DA:162,0
DA:164,0
DA:165,0
DA:166,0
DA:167,0
DA:168,0
DA:170,0
DA:176,0
DA:177,0
DA:178,0
DA:183,0
DA:184,0
DA:185,0
DA:186,0
DA:188,0
DA:189,0
DA:190,0
DA:193,0
DA:194,0
DA:195,0
DA:196,0
DA:198,0
DA:199,0
DA:201,0
DA:205,0
DA:207,0
DA:209,0
DA:210,0
DA:215,0
DA:216,0
DA:222,0
LF:97
LH:0
end_of_record
SF:lib/movies/screens/widgets/movie_card_small.dart
DA:17,0
DA:18,0
DA:19,0
DA:20,0
DA:21,0
DA:22,0
DA:23,0
DA:28,0
DA:30,0
DA:31,0
DA:32,0
DA:33,0
DA:36,0
DA:37,0
DA:38,0
DA:39,0
DA:40,0
DA:41,0
DA:42,0
DA:43,0
DA:44,0
DA:47,0
DA:48,0
DA:49,0
DA:50,0
DA:51,0
DA:52,0
DA:53,0
DA:54,0
DA:55,0
DA:56,0
DA:57,0
DA:58,0
DA:59,0
DA:60,0
DA:62,0
DA:63,0
DA:64,0
DA:65,0
DA:67,0
DA:73,0
DA:74,0
DA:75,0
DA:76,0
DA:77,0
DA:78,0
DA:79,0
DA:80,0
DA:81,0
DA:82,0
DA:83,0
DA:84,0
DA:85,0
DA:86,0
DA:87,0
DA:88,0
DA:89,0
DA:90,0
DA:91,0
DA:93,0
DA:94,0
DA:96,0
DA:97,0
DA:98,0
DA:99,0
DA:100,0
DA:101,0
DA:102,0
DA:103,0
DA:104,0
DA:105,0
DA:106,0
DA:107,0
DA:108,0
DA:109,0
DA:110,0
DA:111,0
DA:112,0
DA:113,0
DA:114,0
DA:116,0
DA:117,0
DA:118,0
DA:119,0
DA:120,0
DA:126,0
DA:127,0
DA:129,0
DA:131,0
DA:133,0
DA:135,0
DA:137,0
DA:139,0
DA:141,0
DA:143,0
DA:144,0
DA:148,0
DA:149,0
DA:150,0
DA:151,0
DA:152,0
DA:153,0
DA:154,0
DA:155,0
DA:160,0
DA:161,0
DA:162,0
DA:163,0
DA:165,0
DA:168,0
DA:172,0
DA:173,0
DA:174,0
DA:175,0
DA:176,0
DA:177,0
DA:178,0
DA:179,0
DA:180,0
DA:181,0
DA:184,0
DA:185,0
DA:186,0
DA:187,0
DA:188,0
DA:189,0
DA:190,0
DA:191,0
DA:192,0
DA:193,0
DA:194,0
DA:196,0
DA:197,0
DA:200,0
DA:201,0
DA:204,0
DA:205,0
DA:207,0
DA:211,0
DA:213,0
DA:214,0
DA:215,0
DA:216,0
DA:217,0
DA:218,0
DA:219,0
DA:220,0
DA:221,0
DA:222,0
DA:225,0
DA:226,0
DA:227,0
DA:228,0
DA:233,0
DA:234,0
DA:235,0
DA:239,0
DA:240,0
DA:243,0
DA:248,0
DA:249,0
DA:250,0
LF:162
LH:0
end_of_record
SF:lib/movies/screens/person_details.dart
DA:19,0
DA:28,0
DA:29,0
DA:32,0
DA:33,0
DA:34,0
DA:35,0
DA:36,0
DA:43,0
DA:50,0
DA:52,0
DA:55,0
DA:56,0
DA:57,0
DA:58,0
DA:60,0
DA:66,0
DA:67,0
DA:69,0
DA:70,0
DA:71,0
DA:72,0
DA:77,0
DA:83,0
DA:84,0
DA:85,0
DA:86,0
DA:87,0
DA:94,0
DA:95,0
DA:96,0
DA:98,0
DA:99,0
DA:100,0
DA:102,0
DA:103,0
DA:108,0
DA:110,0
DA:112,0
DA:113,0
DA:116,0
DA:117,0
DA:119,0
DA:121,0
DA:123,0
DA:125,0
DA:128,0
DA:129,0
DA:130,0
DA:131,0
DA:135,0
DA:138,0
DA:139,0
DA:140,0
DA:143,0
DA:145,0
DA:146,0
DA:147,0
DA:148,0
DA:150,0
DA:152,0
DA:153,0
DA:155,0
DA:161,0
DA:163,0
DA:164,0
DA:165,0
DA:167,0
DA:168,0
DA:169,0
DA:171,0
DA:174,0
DA:176,0
DA:177,0
DA:178,0
DA:181,0
DA:182,0
DA:185,0
DA:186,0
DA:187,0
DA:197,0
DA:198,0
DA:199,0
DA:200,0
DA:201,0
DA:202,0
DA:203,0
DA:204,0
DA:209,0
DA:211,0
DA:213,0
DA:215,0
DA:217,0
DA:218,0
DA:219,0
DA:220,0
DA:223,0
DA:224,0
DA:228,0
DA:232,0
DA:233,0
DA:235,0
DA:236,0
DA:237,0
DA:238,0
DA:239,0
DA:240,0
DA:241,0
DA:247,0
DA:248,0
DA:249,0
DA:250,0
DA:251,0
DA:252,0
DA:254,0
DA:255,0
DA:256,0
DA:257,0
DA:258,0
DA:260,0
DA:261,0
DA:263,0
LF:122
LH:0
end_of_record
SF:lib/movies/web_data_providers/detail/imdb_json.dart
DA:35,1
DA:36,1
DA:42,0
DA:47,0
DA:51,1
DA:59,1
DA:61,1
DA:62,1
DA:75,2
DA:78,2
DA:104,2
DA:105,6
DA:107,1
DA:112,2
DA:116,2
DA:124,2
DA:126,2
DA:128,2
DA:133,4
DA:134,4
DA:136,2
DA:138,6
DA:140,2
DA:143,4
DA:144,2
DA:146,2
DA:154,3
DA:172,3
DA:173,6
DA:177,0
DA:182,3
DA:184,6
DA:185,3
DA:186,6
DA:187,3
DA:188,3
DA:190,3
DA:193,3
DA:194,3
DA:202,3
DA:204,6
DA:205,3
DA:212,3
DA:216,3
DA:217,3
DA:218,3
DA:220,1
DA:221,2
DA:226,2
DA:228,2
DA:234,3
DA:238,3
DA:239,0
DA:243,3
DA:245,6
DA:246,3
DA:247,3
DA:249,1
DA:250,2
DA:252,0
DA:253,0
DA:258,1
DA:259,2
DA:260,2
LF:64
LH:58
end_of_record
SF:lib/movies/web_data_providers/detail/cache/imdb_name.dart
DA:16,2
DA:17,2
DA:23,1
DA:29,1
DA:30,2
DA:31,4
DA:37,3
DA:45,1
DA:51,2
DA:52,1
DA:53,2
DA:55,2
DA:62,1
DA:64,2
DA:65,2
DA:66,2
DA:79,1
DA:84,1
DA:86,1
DA:90,1
DA:91,2
DA:92,2
LF:22
LH:22
end_of_record
SF:lib/movies/web_data_providers/detail/imdb_name.dart
DA:19,2
DA:27,2
DA:32,2
DA:36,2
DA:38,4
DA:39,2
DA:46,2
DA:48,2
DA:49,2
DA:53,2
DA:57,2
DA:58,2
DA:59,2
DA:61,1
DA:62,2
DA:67,1
DA:68,2
DA:69,1
LF:18
LH:18
end_of_record
SF:lib/movies/web_data_providers/detail/webscrapers/imdb_name.dart
DA:16,2
DA:21,2
DA:22,1
DA:23,1
DA:28,1
DA:31,1
DA:32,1
DA:33,1
DA:34,1
DA:35,2
DA:37,1
DA:39,0
DA:43,1
DA:44,2
DA:50,1
DA:51,1
DA:52,0
DA:53,4
DA:56,0
LF:19
LH:16
end_of_record
SF:lib/movies/screens/popup.dart
DA:3,0
DA:10,0
DA:11,0
DA:13,0
DA:14,0
DA:18,0
DA:20,0
DA:21,0
DA:22,0
DA:23,0
DA:24,0
DA:25,0
LF:12
LH:0
end_of_record
SF:lib/utilities/extensions/collection_extensions.dart
DA:18,65
DA:20,65
DA:21,65
DA:22,65
DA:36,65
DA:38,65
DA:39,65
DA:40,1
DA:41,65
DA:42,83
DA:43,36
DA:45,5
DA:46,2
DA:48,5
DA:51,65
DA:52,2
DA:54,1
DA:55,1
DA:58,65
DA:59,65
DA:68,0
DA:69,0
DA:70,0
DA:71,0
DA:73,0
DA:74,0
DA:75,0
DA:76,0
DA:85,1
DA:86,1
DA:90,1
DA:91,1
DA:92,2
DA:93,3
DA:94,2
DA:95,1
DA:97,2
DA:99,1
LF:38
LH:30
end_of_record
SF:lib/movies/web_data_providers/common/imdb_web_scraper_converter.dart
DA:30,12
DA:34,12
DA:35,12
DA:39,12
DA:40,24
DA:41,12
DA:42,2
DA:43,10
DA:44,5
DA:45,6
DA:46,3
DA:47,4
DA:48,4
DA:50,0
DA:51,0
DA:52,0
DA:53,0
DA:57,10
DA:61,3
DA:62,12
DA:64,6
DA:67,6
DA:72,6
DA:77,6
DA:81,6
DA:86,2
DA:91,6
DA:94,3
DA:95,3
DA:103,3
DA:104,6
DA:105,3
DA:118,6
DA:122,6
DA:127,10
DA:129,18
DA:130,18
DA:131,6
DA:136,6
DA:140,12
DA:144,2
DA:147,2
DA:148,6
DA:149,2
DA:150,4
DA:151,2
DA:152,4
DA:153,2
DA:154,2
DA:163,11
DA:169,22
DA:170,2
DA:174,21
DA:175,3
DA:176,11
DA:178,8
DA:184,14
DA:187,16
DA:189,21
DA:193,11
DA:196,11
DA:200,20
DA:203,9
DA:206,16
DA:208,11
DA:212,10
DA:213,13
DA:214,4
DA:218,10
DA:219,10
DA:222,8
DA:229,11
DA:230,10
DA:231,10
DA:232,11
DA:236,11
DA:239,10
DA:243,18
DA:244,8
DA:245,2
DA:246,2
DA:247,2
DA:248,2
DA:249,4
DA:250,2
DA:257,21
DA:258,11
DA:259,11
DA:260,11
DA:265,11
DA:268,3
DA:272,6
DA:273,3
DA:279,11
DA:282,3
DA:286,6
DA:287,3
DA:288,3
DA:289,0
DA:292,22
DA:298,11
DA:303,10
DA:306,10
DA:307,3
DA:308,3
DA:313,3
DA:314,3
DA:317,3
DA:318,3
DA:319,3
DA:320,3
DA:323,3
DA:324,3
DA:325,3
DA:326,3
DA:329,3
DA:330,3
DA:331,3
DA:332,3
DA:338,6
DA:341,6
DA:342,6
DA:343,12
DA:344,6
DA:345,10
DA:346,5
DA:349,5
DA:351,5
DA:353,5
DA:354,5
DA:364,8
DA:369,8
DA:370,8
DA:371,4
DA:373,8
DA:380,6
DA:383,6
DA:384,12
DA:388,6
DA:389,12
DA:390,6
DA:391,12
DA:392,6
DA:393,6
DA:394,6
DA:395,12
DA:405,3
DA:406,3
DA:407,3
DA:408,6
DA:409,3
DA:410,3
DA:411,3
DA:412,6
DA:421,3
DA:422,3
DA:424,3
DA:425,6
DA:426,3
DA:427,3
DA:428,3
DA:429,3
DA:430,6
DA:432,6
DA:440,8
DA:445,8
DA:448,8
DA:449,8
DA:450,8
DA:454,16
DA:456,16
DA:457,24
DA:463,3
DA:464,9
DA:466,6
DA:468,6
DA:472,6
DA:482,8
DA:483,24
DA:484,8
DA:488,5
DA:489,5
DA:490,5
DA:491,10
DA:493,10
DA:494,4
DA:495,4
DA:496,2
DA:500,4
DA:501,4
DA:502,3
DA:503,6
DA:505,2
DA:507,4
DA:508,3
DA:509,3
DA:510,3
DA:512,2
DA:514,8
DA:515,4
DA:522,4
DA:523,4
DA:525,8
DA:527,4
DA:528,4
DA:530,8
DA:532,4
DA:533,4
DA:535,8
DA:537,4
DA:538,4
DA:540,8
DA:542,4
DA:543,4
DA:545,8
DA:549,8
DA:552,2
DA:554,6
DA:555,2
DA:556,4
DA:557,6
DA:558,0
DA:561,2
DA:562,4
DA:563,7
DA:564,8
DA:565,7
DA:566,4
DA:567,4
DA:568,2
DA:570,2
DA:571,4
DA:572,2
DA:573,2
DA:575,4
DA:576,2
DA:577,2
DA:580,2
DA:581,2
DA:582,0
DA:584,2
DA:585,2
DA:586,2
DA:590,6
DA:592,0
DA:595,6
DA:596,6
DA:597,6
DA:598,2
DA:600,4
DA:601,0
DA:603,4
DA:604,0
DA:607,4
DA:609,2
DA:610,2
DA:613,4
DA:616,2
DA:618,2
DA:619,0
DA:620,0
DA:622,2
DA:623,0
DA:624,0
DA:625,0
DA:626,0
DA:633,2
DA:634,2
DA:639,0
DA:641,0
DA:642,0
DA:646,0
DA:647,0
DA:648,0
DA:650,0
DA:658,0
DA:659,0
DA:660,0
DA:663,0
DA:666,0
DA:670,2
DA:672,2
DA:673,0
DA:674,2
DA:675,0
DA:676,0
DA:677,0
DA:683,0
DA:687,0
DA:688,0
DA:690,0
DA:691,0
DA:696,0
DA:697,0
DA:698,0
DA:699,0
DA:700,0
DA:701,0
DA:702,0
DA:708,0
DA:713,0
DA:715,0
DA:719,0
DA:720,0
DA:721,0
DA:724,0
DA:727,0
LF:307
LH:255
end_of_record
SF:lib/utilities/extensions/tree_map_list_extensions.dart
DA:4,12
DA:9,24
DA:15,12
DA:16,24
DA:20,17
DA:25,34
DA:31,15
DA:32,30
DA:36,1
DA:41,2
DA:47,1
DA:48,2
DA:53,17
DA:54,51
DA:55,51
DA:56,17
DA:57,34
DA:58,17
DA:59,34
DA:60,51
DA:71,17
DA:76,17
DA:77,17
DA:78,51
DA:79,34
DA:80,34
DA:82,17
DA:84,17
DA:86,24
DA:88,8
DA:90,34
DA:92,34
DA:97,17
DA:98,17
DA:104,17
DA:113,15
DA:114,15
DA:115,30
DA:116,30
LF:39
LH:39
end_of_record
SF:lib/utilities/web_data/src/web_fetch_threaded_cache.dart
DA:21,9
DA:23,12
DA:35,4
DA:41,4
DA:44,8
DA:45,12
DA:46,4
DA:47,4
DA:49,8
DA:51,4
DA:54,0
DA:56,0
DA:58,0
DA:59,0
DA:61,12
DA:62,4
DA:63,4
DA:66,4
DA:67,8
DA:69,4
DA:70,8
DA:71,4
DA:77,4
DA:78,4
DA:87,3
DA:95,3
DA:102,3
DA:119,4
DA:120,4
DA:121,4
DA:122,4
DA:123,4
DA:127,4
DA:129,8
DA:132,4
DA:134,12
DA:137,4
DA:142,4
DA:144,12
DA:145,4
DA:146,4
DA:151,4
DA:154,12
DA:156,16
LF:44
LH:40
end_of_record
SF:lib/movies/web_data_providers/detail/converters/imdb_cast.dart
DA:8,2
DA:11,4
DA:13,2
DA:14,4
DA:16,4
DA:19,4
DA:20,2
DA:22,4
DA:23,2
DA:30,2
DA:32,2
DA:33,4
DA:34,2
DA:35,2
DA:37,2
DA:38,4
DA:40,2
DA:47,2
DA:48,6
DA:49,2
DA:52,4
DA:55,4
DA:56,2
DA:57,4
LF:24
LH:24
end_of_record
SF:lib/movies/web_data_providers/detail/converters/imdb_more_keywords.dart
DA:7,2
DA:10,2
DA:11,4
DA:12,2
DA:13,4
DA:15,2
DA:16,2
DA:17,2
LF:8
LH:8
end_of_record
SF:lib/movies/web_data_providers/detail/converters/magnet_torrent_download_detail.dart
DA:9,2
DA:13,2
DA:14,4
DA:16,2
DA:17,2
DA:18,4
DA:19,4
DA:20,2
DA:21,2
LF:9
LH:9
end_of_record
SF:lib/movies/web_data_providers/detail/converters/tmdb_finder.dart
DA:58,2
DA:63,2
DA:65,2
DA:67,6
DA:68,4
DA:70,4
DA:71,0
DA:74,0
DA:75,0
DA:76,0
DA:77,0
DA:78,0
DA:86,2
DA:90,2
DA:91,2
DA:93,4
DA:97,2
DA:99,4
DA:100,4
DA:101,2
DA:102,2
DA:103,1
DA:107,8
DA:109,2
DA:111,0
DA:117,4
DA:118,0
DA:120,4
DA:121,0
DA:124,6
DA:125,4
DA:126,2
DA:127,2
DA:129,4
DA:130,2
DA:131,2
DA:133,6
DA:134,2
DA:135,2
DA:140,0
DA:144,0
DA:145,0
DA:147,0
DA:148,0
DA:149,0
DA:150,0
DA:154,0
LF:47
LH:30
end_of_record
SF:lib/movies/web_data_providers/detail/converters/tmdb_movie_detail.dart
DA:51,2
DA:55,2
DA:57,2
DA:59,4
DA:61,0
DA:62,0
DA:63,0
DA:64,0
DA:65,0
DA:73,2
DA:74,4
DA:76,4
DA:80,6
DA:82,4
DA:83,4
DA:84,2
DA:85,2
DA:86,2
DA:90,8
DA:92,2
DA:94,0
DA:96,4
DA:98,4
DA:99,6
DA:100,4
DA:101,2
DA:102,2
DA:104,4
DA:105,2
DA:106,2
DA:108,4
DA:109,2
DA:114,2
DA:115,2
DA:116,6
DA:117,2
DA:118,6
DA:122,2
DA:124,4
DA:127,4
DA:128,0
DA:130,4
DA:131,0
DA:136,2
DA:140,2
LF:45
LH:37
end_of_record
SF:lib/movies/web_data_providers/detail/tmdb_common.dart
DA:23,6
DA:40,0
DA:41,0
DA:44,6
DA:45,12
DA:48,5
DA:49,10
DA:50,15
DA:51,5
DA:55,6
DA:58,12
DA:59,24
DA:63,3
DA:66,6
DA:67,6
DA:72,6
DA:76,6
DA:80,1
DA:85,6
DA:86,3
DA:87,6
DA:90,6
DA:91,11
DA:92,6
DA:94,5
DA:95,15
DA:96,5
DA:100,6
DA:101,3
DA:105,3
DA:111,3
DA:114,3
LF:32
LH:30
end_of_record
SF:lib/movies/web_data_providers/detail/converters/tmdb_person_detail.dart
DA:20,2
DA:24,2
DA:26,2
DA:28,4
DA:30,0
DA:31,0
DA:32,0
DA:33,0
DA:34,0
DA:42,2
DA:43,2
DA:44,4
DA:45,4
DA:47,4
DA:49,4
DA:50,4
DA:51,4
DA:52,2
DA:55,2
DA:56,2
DA:57,2
DA:60,2
DA:62,4
DA:65,6
LF:24
LH:19
end_of_record
SF:lib/movies/web_data_providers/detail/converters/yts_detail.dart
DA:8,2
DA:11,4
DA:13,2
DA:16,4
DA:18,2
DA:19,4
DA:20,4
DA:21,2
DA:22,4
DA:23,4
DA:24,4
DA:25,4
DA:26,4
LF:13
LH:13
end_of_record
SF:lib/movies/web_data_providers/detail/offline/imdb_title.dart
DA:9,2
DA:10,4
DA:12,6
LF:3
LH:3
end_of_record
SF:lib/movies/web_data_providers/detail/offline/imdb_json.dart
DA:8,3
DA:27,0
DA:28,0
DA:30,1
DA:31,3
LF:5
LH:3
end_of_record
SF:lib/movies/web_data_providers/detail/offline/imdb_name.dart
DA:3,6
DA:11,2
DA:12,4
LF:3
LH:3
end_of_record
SF:lib/movies/web_data_providers/detail/offline/magnet_torrent_download_detail.dart
DA:13,3
DA:15,1
DA:16,2
LF:3
LH:3
end_of_record
SF:lib/movies/web_data_providers/detail/offline/tmdb_finder.dart
DA:32,3
DA:42,4
DA:43,0
DA:71,1
DA:72,2
LF:5
LH:4
end_of_record
SF:lib/movies/web_data_providers/detail/offline/tmdb_movie_detail.dart
DA:23,3
DA:37,4
DA:76,1
DA:77,2
LF:4
LH:4
end_of_record
SF:lib/movies/web_data_providers/detail/offline/tmdb_person_detail.dart
DA:24,3
DA:36,5
DA:55,3
DA:57,3
DA:64,1
DA:65,3
LF:6
LH:6
end_of_record
SF:lib/utilities/extensions/dom_extensions.dart
DA:34,0
DA:41,0
DA:47,69
DA:54,1
DA:55,2
DA:62,1
DA:63,3
DA:65,69
DA:67,23
DA:68,23
DA:70,23
DA:71,23
DA:72,23
DA:73,46
DA:74,69
LF:15
LH:13
end_of_record
SF:lib/movies/web_data_providers/search/converters/fishpond_barcode.dart
DA:9,2
DA:13,2
DA:14,4
DA:16,2
DA:18,4
DA:19,4
DA:20,2
DA:21,4
LF:8
LH:8
end_of_record
SF:lib/movies/web_data_providers/search/converters/google.dart
DA:43,2
DA:47,2
DA:49,2
DA:50,2
DA:51,4
DA:52,2
DA:53,2
DA:55,0
DA:57,6
DA:59,2
DA:60,4
DA:64,2
DA:65,1
DA:67,3
DA:69,1
DA:74,0
DA:77,0
DA:80,0
DA:83,0
DA:85,0
DA:86,0
DA:87,0
DA:88,0
DA:92,2
DA:93,6
DA:95,2
DA:96,2
DA:97,2
DA:98,2
DA:99,2
DA:100,2
DA:102,4
DA:103,4
DA:104,4
DA:107,2
DA:108,2
DA:109,0
DA:110,0
DA:112,0
DA:113,0
DA:119,4
DA:120,4
DA:121,6
DA:122,2
DA:126,2
DA:130,2
DA:131,2
DA:132,2
DA:133,4
DA:136,2
DA:137,2
DA:138,2
DA:140,4
DA:143,2
DA:144,3
DA:145,2
DA:148,2
DA:150,4
DA:151,2
DA:152,4
DA:153,2
DA:154,3
DA:156,6
DA:159,2
DA:160,2
DA:161,2
DA:164,2
DA:165,2
DA:166,2
DA:168,2
DA:175,2
DA:176,4
DA:178,0
DA:179,0
DA:180,0
DA:184,0
DA:185,0
DA:191,2
DA:192,2
DA:193,1
DA:196,2
LF:81
LH:63
end_of_record
SF:lib/movies/web_data_providers/search/converters/imdb_suggestion.dart
DA:25,2
DA:29,2
DA:31,2
DA:32,2
DA:33,4
DA:34,2
DA:35,4
DA:42,2
DA:43,4
DA:44,2
DA:45,6
DA:48,2
DA:50,4
DA:52,4
DA:53,4
DA:54,4
DA:55,4
DA:56,4
DA:62,2
DA:63,3
DA:64,1
LF:21
LH:21
end_of_record
SF:lib/movies/web_data_providers/search/converters/libsa_barcode.dart
DA:8,2
DA:11,2
DA:12,4
DA:14,2
DA:15,4
DA:16,4
DA:17,4
DA:18,4
LF:8
LH:8
end_of_record
SF:lib/movies/web_data_providers/search/converters/magnet_glo_torrents.dart
DA:9,2
DA:12,4
DA:14,2
DA:16,4
DA:17,4
DA:18,4
DA:20,2
DA:21,4
DA:22,4
DA:23,2
DA:24,4
DA:25,4
DA:26,2
DA:27,2
LF:14
LH:14
end_of_record
SF:lib/movies/web_data_providers/search/converters/magnet_magnet_dl.dart
DA:8,1
DA:11,1
DA:12,2
DA:14,1
DA:15,2
DA:16,2
DA:17,2
DA:18,2
DA:19,2
DA:20,2
DA:21,2
LF:11
LH:11
end_of_record
SF:lib/movies/web_data_providers/search/converters/magnet_solid_torrents.dart
DA:8,2
DA:11,2
DA:12,4
DA:14,2
DA:15,4
DA:16,4
DA:17,4
DA:18,4
DA:19,4
DA:20,4
DA:21,4
LF:11
LH:11
end_of_record
SF:lib/movies/web_data_providers/search/converters/magnet_torrent_download_search.dart
DA:9,2
DA:12,4
DA:14,2
DA:17,6
DA:18,4
DA:20,2
DA:21,4
DA:22,4
DA:23,2
DA:24,4
DA:25,2
DA:26,4
LF:12
LH:12
end_of_record
SF:lib/movies/web_data_providers/search/converters/magnet_torrentz2.dart
DA:8,2
DA:11,2
DA:12,4
DA:14,2
DA:15,4
DA:16,4
DA:17,2
DA:18,4
DA:19,4
DA:20,4
DA:21,4
LF:11
LH:11
end_of_record
SF:lib/movies/web_data_providers/search/converters/ms_search.dart
DA:38,1
DA:41,2
DA:42,1
DA:43,1
LF:4
LH:4
end_of_record
SF:lib/movies/web_data_providers/search/converters/omdb.dart
DA:41,2
DA:45,2
DA:47,2
DA:48,2
DA:49,6
DA:50,4
DA:53,0
DA:54,0
DA:55,0
DA:56,0
DA:57,0
DA:65,2
DA:66,4
DA:68,4
DA:69,4
DA:70,4
DA:73,2
DA:74,2
DA:75,2
DA:76,1
DA:77,1
DA:78,0
DA:79,0
DA:81,0
DA:84,6
DA:85,2
DA:86,4
DA:87,4
DA:89,1
DA:90,2
DA:91,1
LF:31
LH:23
end_of_record
SF:lib/movies/web_data_providers/search/converters/picclick_barcode.dart
DA:8,2
DA:11,2
DA:12,4
DA:14,2
DA:15,4
DA:16,4
DA:17,4
DA:18,4
DA:19,4
LF:9
LH:9
end_of_record
SF:lib/movies/web_data_providers/search/converters/tmdb.dart
DA:41,2
DA:45,2
DA:47,2
DA:48,2
DA:49,2
DA:50,4
DA:52,6
DA:53,4
DA:56,0
DA:57,0
DA:58,0
DA:59,0
DA:60,0
DA:68,2
DA:69,4
DA:71,4
DA:72,4
DA:75,2
DA:77,4
DA:80,6
DA:82,2
DA:84,0
DA:86,2
LF:23
LH:17
end_of_record
SF:lib/movies/web_data_providers/search/converters/tpb_search.dart
DA:8,2
DA:11,2
DA:12,4
DA:14,2
DA:15,4
DA:16,4
DA:17,4
DA:18,4
DA:19,4
DA:20,4
DA:21,4
LF:11
LH:11
end_of_record
SF:lib/movies/web_data_providers/search/converters/uhtt_barcode.dart
DA:8,2
DA:11,2
DA:12,4
DA:14,2
DA:15,4
DA:16,4
DA:17,4
DA:18,4
LF:8
LH:8
end_of_record
SF:lib/movies/web_data_providers/search/converters/yts_search.dart
DA:25,2
DA:29,2
DA:31,2
DA:32,2
DA:33,4
DA:34,2
DA:35,4
DA:42,2
DA:43,4
DA:45,4
DA:46,4
DA:47,4
DA:48,2
LF:13
LH:13
end_of_record
SF:lib/movies/web_data_providers/search/offline/fishpond_barcode.dart
DA:12,3
DA:14,1
DA:15,2
LF:3
LH:3
end_of_record
SF:lib/movies/web_data_providers/search/offline/google.dart
DA:18,4
DA:19,3
DA:49,4
DA:58,4
DA:59,4
DA:60,4
DA:65,1
DA:66,2
LF:8
LH:8
end_of_record
SF:lib/movies/web_data_providers/search/offline/imdb_movies_for_keyword.dart
DA:20,1
DA:21,2
DA:23,3
LF:3
LH:3
end_of_record
SF:lib/utilities/web_data/src/web_fetch_limiter.dart
DA:11,60
DA:17,0
DA:19,162
DA:20,120
DA:22,58
DA:24,116
DA:25,174
DA:26,15
DA:27,10
DA:28,5
DA:31,59
DA:32,59
LF:12
LH:11
end_of_record
SF:lib/movies/web_data_providers/search/offline/imdb_search.dart
DA:7,3
DA:9,1
DA:10,2
DA:12,1
DA:13,2
LF:5
LH:5
end_of_record
SF:lib/movies/web_data_providers/search/offline/imdb_suggestions.dart
DA:51,0
DA:52,0
LF:2
LH:0
end_of_record
SF:lib/movies/web_data_providers/search/offline/libsa_barcode.dart
DA:12,3
DA:14,1
DA:15,2
LF:3
LH:3
end_of_record
SF:lib/movies/web_data_providers/search/offline/magnet_glo_torrents.dart
DA:13,3
DA:15,1
DA:16,2
LF:3
LH:3
end_of_record
SF:lib/movies/web_data_providers/search/offline/magnet_magnet_dl.dart
DA:13,3
DA:15,1
DA:16,2
LF:3
LH:3
end_of_record
SF:lib/movies/web_data_providers/search/offline/magnet_solid_torrents.dart
DA:13,3
DA:15,1
DA:16,2
LF:3
LH:3
end_of_record
SF:lib/movies/web_data_providers/search/offline/magnet_torrent_download_search.dart
DA:13,3
DA:15,1
DA:16,2
LF:3
LH:3
end_of_record
SF:lib/movies/web_data_providers/search/offline/magnet_torrentz2.dart
DA:17,3
DA:19,1
DA:20,2
LF:3
LH:3
end_of_record
SF:lib/movies/web_data_providers/search/offline/ms_search.dart
DA:18,4
DA:19,3
DA:38,0
DA:47,4
DA:48,4
DA:49,4
DA:54,1
DA:55,2
LF:8
LH:7
end_of_record
SF:lib/persistence/meilisearch.dart
DA:17,4
DA:20,1
DA:22,3
DA:27,0
DA:28,0
DA:29,0
DA:33,1
DA:34,2
DA:36,0
DA:42,0
DA:43,0
DA:44,0
DA:50,3
DA:51,6
DA:52,6
DA:53,9
DA:56,3
DA:57,3
DA:61,6
DA:62,3
DA:64,3
DA:65,6
DA:66,3
DA:69,3
DA:74,6
DA:75,15
DA:82,9
DA:86,6
DA:88,0
DA:96,0
DA:146,3
DA:160,0
DA:161,0
DA:163,0
DA:164,0
DA:183,3
DA:185,3
DA:186,3
DA:187,9
LF:39
LH:26
end_of_record
SF:lib/movies/web_data_providers/search/offline/omdb.dart
DA:15,3
DA:29,4
DA:30,4
DA:37,1
DA:38,2
LF:5
LH:5
end_of_record
SF:lib/movies/web_data_providers/search/offline/picclick_barcode.dart
DA:13,3
DA:15,1
DA:16,2
LF:3
LH:3
end_of_record
SF:lib/movies/web_data_providers/search/offline/tmdb.dart
DA:27,3
DA:43,4
DA:44,4
DA:45,4
DA:57,1
DA:58,2
LF:6
LH:6
end_of_record
SF:lib/movies/web_data_providers/search/offline/tpb_search.dart
DA:13,3
DA:15,1
DA:16,2
LF:3
LH:3
end_of_record
SF:lib/movies/web_data_providers/search/offline/uhtt_barcode.dart
DA:13,3
DA:15,1
DA:16,2
LF:3
LH:3
end_of_record
SF:lib/movies/web_data_providers/search/offline/yts_search.dart
DA:25,3
DA:39,4
DA:40,4
DA:42,1
DA:43,2
LF:5
LH:5
end_of_record
SF:lib/persistence/database_helpers.dart
DA:23,9
DA:28,18
DA:29,9
DA:30,9
DA:33,0
DA:34,0
DA:35,0
DA:36,0
DA:43,4
DA:44,4
DA:45,4
DA:52,10
DA:53,30
DA:59,30
DA:63,10
DA:64,30
DA:70,10
DA:73,20
DA:74,10
DA:77,10
DA:78,10
DA:80,10
DA:86,10
DA:88,20
DA:92,20
DA:96,0
DA:97,0
DA:99,10
DA:103,0
DA:104,0
DA:116,9
DA:117,9
DA:118,36
DA:122,1
DA:123,1
DA:124,4
DA:128,6
DA:129,6
DA:130,24
DA:134,6
DA:135,6
DA:136,24
DA:140,10
DA:141,10
DA:142,36
DA:145,18
DA:147,9
DA:151,2
DA:153,1
DA:155,2
DA:158,12
DA:161,12
DA:164,6
DA:165,6
DA:168,9
DA:169,9
DA:171,9
DA:173,9
DA:176,9
DA:177,4
LF:60
LH:52
end_of_record
SF:lib/persistence/firebase/android/firebase_android.dart
DA:15,0
DA:17,0
DA:19,0
DA:20,0
DA:22,0
DA:25,0
DA:26,0
DA:27,0
DA:29,0
DA:30,0
DA:31,0
DA:39,0
DA:44,0
DA:46,0
DA:47,0
DA:48,0
DA:50,0
DA:51,0
DA:52,0
DA:54,0
DA:57,0
DA:63,0
DA:65,0
DA:68,0
DA:69,0
DA:72,0
DA:73,0
DA:74,0
DA:75,0
DA:77,0
DA:79,0
DA:80,0
DA:86,0
DA:91,0
DA:109,0
DA:111,0
DA:115,0
DA:119,0
DA:133,0
DA:134,0
DA:135,0
DA:136,0
DA:139,0
DA:153,0
DA:154,0
DA:157,0
DA:160,0
DA:164,0
DA:166,0
DA:169,0
DA:171,0
DA:175,0
DA:178,0
DA:179,0
DA:180,0
DA:184,0
DA:191,0
DA:194,0
DA:195,0
DA:199,0
DA:205,0
DA:207,0
DA:208,0
DA:211,0
DA:212,0
DA:213,0
DA:214,0
DA:216,0
DA:217,0
DA:220,0
DA:224,0
DA:229,0
LF:72
LH:0
end_of_record
SF:lib/persistence/firebase/linux/firebase_linux.dart
DA:11,38
DA:16,19
DA:20,19
DA:21,19
DA:22,19
DA:23,19
DA:26,38
DA:28,22
DA:29,10
DA:30,20
DA:33,20
DA:35,20
DA:37,10
DA:42,6
DA:48,6
DA:49,12
DA:51,6
DA:52,6
DA:55,10
DA:56,12
DA:57,10
DA:58,15
DA:63,0
DA:64,0
DA:67,0
DA:73,1
DA:92,2
DA:93,2
DA:96,3
DA:100,0
DA:112,0
DA:114,0
DA:115,0
DA:117,0
DA:118,0
DA:121,0
DA:124,0
DA:125,0
DA:126,0
DA:132,1
DA:135,2
DA:136,3
DA:137,2
DA:141,2
DA:148,2
DA:150,1
DA:151,2
DA:154,0
DA:158,2
DA:161,1
DA:163,1
DA:165,1
DA:166,2
DA:167,1
DA:169,2
DA:170,3
DA:174,0
DA:177,1
DA:182,0
LF:59
LH:43
end_of_record
SF:lib/persistence/nav_log.dart
DA:10,0
DA:13,0
DA:14,0
DA:16,0
DA:17,0
DA:18,0
DA:20,0
DA:24,0
DA:25,0
DA:26,0
DA:27,0
DA:28,0
DA:29,0
DA:31,0
LF:14
LH:0
end_of_record
SF:lib/utilities/extensions/stream_extensions.dart
DA:10,60
DA:12,118
DA:13,58
DA:14,116
DA:15,40
DA:17,162
DA:21,174
DA:23,105
DA:24,35
DA:34,1
DA:37,1
DA:38,1
DA:42,0
DA:43,0
DA:44,0
DA:46,0
LF:16
LH:12
end_of_record
SF:lib/utilities/web_data/jsonp_transformer.dart
DA:4,6
DA:9,1
DA:11,4
DA:15,6
DA:20,6
DA:21,24
DA:22,6
DA:23,12
DA:42,6
DA:49,6
DA:52,12
DA:55,12
DA:57,16
DA:62,6
DA:63,6
DA:64,2
DA:72,6
DA:73,6
DA:74,6
DA:75,6
DA:76,22
DA:83,22
DA:85,12
DA:87,12
DA:88,12
DA:89,10
DA:95,8
DA:96,12
DA:103,4
DA:104,8
DA:105,4
DA:106,4
DA:107,4
DA:108,4
DA:109,4
DA:110,4
DA:113,12
DA:114,2
DA:115,2
DA:116,2
DA:117,2
DA:118,2
DA:119,2
DA:121,2
DA:122,2
DA:124,3
DA:128,8
DA:129,9
DA:130,12
DA:131,10
DA:132,12
DA:133,10
DA:136,1
DA:139,16
DA:140,8
DA:146,1
DA:147,2
DA:154,6
DA:156,6
LF:59
LH:59
end_of_record
SF:lib/movies/web_data_providers/detail/offline/imdb_cast.dart
DA:6,3
DA:203,1
DA:204,2
LF:3
LH:3
end_of_record
SF:lib/movies/web_data_providers/detail/offline/imdb_more_keywords.dart
DA:6,3
DA:52,1
DA:53,2
LF:3
LH:3
end_of_record
SF:lib/movies/web_data_providers/detail/offline/yts_detail.dart
DA:5,3
DA:14,1
DA:15,2
LF:3
LH:3
end_of_record
SF:lib/app.dart
DA:18,1
DA:29,1
DA:31,1
DA:32,2
DA:33,1
DA:34,0
DA:35,0
DA:43,1
DA:45,1
DA:46,1
DA:54,1
DA:57,1
DA:60,1
DA:61,1
DA:64,1
DA:66,1
DA:67,1
DA:71,1
DA:76,1
LF:19
LH:17
end_of_record
